[ 2017-07-21T09:32:43+08:00 ] ::1 /bus/
INFO: [ app_init ] --START--
INFO: Run Behavior\BuildLiteBehavior [ RunTime:0.000000s ]
INFO: Run Common\Behavior\InitHookBehavior [ RunTime:0.002000s ]
INFO: [ app_init ] --END-- [ RunTime:0.002000s ]
INFO: [ app_begin ] --START--
INFO: Run Behavior\ReadHtmlCacheBehavior [ RunTime:0.001000s ]
INFO: [ app_begin ] --END-- [ RunTime:0.001000s ]
SQL: SHOW COLUMNS FROM `bus_config` [ RunTime:0.0500s ]
SQL: SELECT `type`,`name`,`value` FROM `bus_config` WHERE `status` = 1  [ RunTime:0.0000s ]
SQL: SHOW COLUMNS FROM `bus_place` [ RunTime:0.0030s ]
SQL: SELECT * FROM `bus_place` WHERE `position` = '唐山市路北区' LIMIT 1   [ RunTime:0.0010s ]
INFO: [ app_end ] --START--
INFO: Run Behavior\ShowPageTraceBehavior [ RunTime:0.000000s ]
INFO: [ app_end ] --END-- [ RunTime:0.000000s ]

[ 2017-07-21T09:32:50+08:00 ] ::1 /bus/Member/index
INFO: [ app_init ] --START--
INFO: Run Behavior\BuildLiteBehavior [ RunTime:0.000000s ]
INFO: Run Common\Behavior\InitHookBehavior [ RunTime:0.001000s ]
INFO: [ app_init ] --END-- [ RunTime:0.001000s ]
INFO: [ app_begin ] --START--
INFO: Run Behavior\ReadHtmlCacheBehavior [ RunTime:0.001000s ]
INFO: [ app_begin ] --END-- [ RunTime:0.001000s ]
SQL: SHOW COLUMNS FROM `bus_config` [ RunTime:0.0020s ]
SQL: SELECT `type`,`name`,`value` FROM `bus_config` WHERE `status` = 1  [ RunTime:0.0000s ]

[ 2017-07-21T10:05:11+08:00 ] ::1 /bus/Member/index
INFO: [ app_init ] --START--
INFO: Run Behavior\BuildLiteBehavior [ RunTime:0.000000s ]
INFO: Run Common\Behavior\InitHookBehavior [ RunTime:0.002001s ]
INFO: [ app_init ] --END-- [ RunTime:0.002001s ]
INFO: [ app_begin ] --START--
INFO: Run Behavior\ReadHtmlCacheBehavior [ RunTime:0.001000s ]
INFO: [ app_begin ] --END-- [ RunTime:0.001000s ]
SQL: SHOW COLUMNS FROM `bus_config` [ RunTime:0.0020s ]
SQL: SELECT `type`,`name`,`value` FROM `bus_config` WHERE `status` = 1  [ RunTime:0.0000s ]
INFO: [ app_end ] --START--
INFO: Run Behavior\ShowPageTraceBehavior [ RunTime:0.001001s ]
INFO: [ app_end ] --END-- [ RunTime:0.001001s ]

[ 2017-07-21T10:05:15+08:00 ] ::1 /bus/
INFO: [ app_init ] --START--
INFO: Run Behavior\BuildLiteBehavior [ RunTime:0.000000s ]
INFO: Run Common\Behavior\InitHookBehavior [ RunTime:0.002000s ]
INFO: [ app_init ] --END-- [ RunTime:0.002000s ]
INFO: [ app_begin ] --START--
INFO: Run Behavior\ReadHtmlCacheBehavior [ RunTime:0.000000s ]
INFO: [ app_begin ] --END-- [ RunTime:0.000000s ]
SQL: SHOW COLUMNS FROM `bus_config` [ RunTime:0.0030s ]
SQL: SELECT `type`,`name`,`value` FROM `bus_config` WHERE `status` = 1  [ RunTime:0.0000s ]
NOTIC: [2] Missing argument 5 for json_api(), called in D:\phpStudy\WWW\bus\Application\Home\Controller\IndexController.class.php on line 31 and defined D:\phpStudy\WWW\bus\Application\Common\Common\function.php 第 1125 行.
SQL: SHOW COLUMNS FROM `bus_place` [ RunTime:0.0020s ]
SQL: SELECT * FROM `bus_place` WHERE `id` = 1 LIMIT 1   [ RunTime:0.0000s ]
INFO: [ app_end ] --START--
INFO: Run Behavior\ShowPageTraceBehavior [ RunTime:0.001000s ]
INFO: [ app_end ] --END-- [ RunTime:0.001000s ]

[ 2017-07-21T10:07:19+08:00 ] ::1 /bus/member/index
INFO: [ app_init ] --START--
INFO: Run Behavior\BuildLiteBehavior [ RunTime:0.000000s ]
INFO: Run Common\Behavior\InitHookBehavior [ RunTime:0.002000s ]
INFO: [ app_init ] --END-- [ RunTime:0.003000s ]
INFO: [ app_begin ] --START--
INFO: Run Behavior\ReadHtmlCacheBehavior [ RunTime:0.000000s ]
INFO: [ app_begin ] --END-- [ RunTime:0.000000s ]
SQL: SHOW COLUMNS FROM `bus_config` [ RunTime:0.0030s ]
SQL: SELECT `type`,`name`,`value` FROM `bus_config` WHERE `status` = 1  [ RunTime:0.0000s ]
INFO: [ app_end ] --START--
INFO: Run Behavior\ShowPageTraceBehavior [ RunTime:0.000000s ]
INFO: [ app_end ] --END-- [ RunTime:0.000000s ]

[ 2017-07-21T10:07:28+08:00 ] ::1 /bus/member/index
INFO: [ app_init ] --START--
INFO: Run Behavior\BuildLiteBehavior [ RunTime:0.000000s ]
INFO: Run Common\Behavior\InitHookBehavior [ RunTime:0.001000s ]
INFO: [ app_init ] --END-- [ RunTime:0.001000s ]
INFO: [ app_begin ] --START--
INFO: Run Behavior\ReadHtmlCacheBehavior [ RunTime:0.001000s ]
INFO: [ app_begin ] --END-- [ RunTime:0.001000s ]
SQL: SHOW COLUMNS FROM `bus_config` [ RunTime:0.0020s ]
SQL: SELECT `type`,`name`,`value` FROM `bus_config` WHERE `status` = 1  [ RunTime:0.0000s ]
NOTIC: [8] Undefined index: auth D:\phpStudy\WWW\bus\Application\Home\Controller\MemberController.class.php 第 30 行.
NOTIC: [2] Missing argument 5 for json_api(), called in D:\phpStudy\WWW\bus\Application\Home\Controller\MemberController.class.php on line 32 and defined D:\phpStudy\WWW\bus\Application\Common\Common\function.php 第 1125 行.
SQL: SHOW COLUMNS FROM `bus_home_member` [ RunTime:0.0030s ]
SQL: SELECT * FROM `bus_home_member` WHERE `id` = null LIMIT 1   [ RunTime:0.0810s ]
INFO: [ app_end ] --START--
INFO: Run Behavior\ShowPageTraceBehavior [ RunTime:0.001000s ]
INFO: [ app_end ] --END-- [ RunTime:0.001000s ]

[ 2017-07-21T10:07:28+08:00 ] ::1 /bus/member/index
INFO: [ app_init ] --START--
INFO: Run Behavior\BuildLiteBehavior [ RunTime:0.000000s ]
INFO: Run Common\Behavior\InitHookBehavior [ RunTime:0.002000s ]
INFO: [ app_init ] --END-- [ RunTime:0.002000s ]
INFO: [ app_begin ] --START--
INFO: Run Behavior\ReadHtmlCacheBehavior [ RunTime:0.000000s ]
INFO: [ app_begin ] --END-- [ RunTime:0.000000s ]
SQL: SHOW COLUMNS FROM `bus_config` [ RunTime:0.0040s ]
SQL: SELECT `type`,`name`,`value` FROM `bus_config` WHERE `status` = 1  [ RunTime:0.0000s ]
NOTIC: [8] Undefined index: auth D:\phpStudy\WWW\bus\Application\Home\Controller\MemberController.class.php 第 30 行.
NOTIC: [2] Missing argument 5 for json_api(), called in D:\phpStudy\WWW\bus\Application\Home\Controller\MemberController.class.php on line 32 and defined D:\phpStudy\WWW\bus\Application\Common\Common\function.php 第 1125 行.
SQL: SHOW COLUMNS FROM `bus_home_member` [ RunTime:0.0020s ]
SQL: SELECT * FROM `bus_home_member` WHERE `id` = null LIMIT 1   [ RunTime:0.0010s ]
INFO: [ app_end ] --START--
INFO: Run Behavior\ShowPageTraceBehavior [ RunTime:0.000000s ]
INFO: [ app_end ] --END-- [ RunTime:0.000000s ]

[ 2017-07-21T10:08:43+08:00 ] ::1 /bus/member/index
INFO: [ app_init ] --START--
INFO: Run Behavior\BuildLiteBehavior [ RunTime:0.000000s ]
INFO: Run Common\Behavior\InitHookBehavior [ RunTime:0.001000s ]
INFO: [ app_init ] --END-- [ RunTime:0.001000s ]
INFO: [ app_begin ] --START--
INFO: Run Behavior\ReadHtmlCacheBehavior [ RunTime:0.000000s ]
INFO: [ app_begin ] --END-- [ RunTime:0.000000s ]
SQL: SHOW COLUMNS FROM `bus_config` [ RunTime:0.0040s ]
SQL: SELECT `type`,`name`,`value` FROM `bus_config` WHERE `status` = 1  [ RunTime:0.0020s ]
NOTIC: [8] Undefined index: auth D:\phpStudy\WWW\bus\Application\Home\Controller\MemberController.class.php 第 30 行.
NOTIC: [2] Missing argument 5 for json_api(), called in D:\phpStudy\WWW\bus\Application\Home\Controller\MemberController.class.php on line 32 and defined D:\phpStudy\WWW\bus\Application\Common\Common\function.php 第 1125 行.
SQL: SHOW COLUMNS FROM `bus_home_member` [ RunTime:0.0030s ]
SQL: SELECT * FROM `bus_home_member` WHERE `id` = null LIMIT 1   [ RunTime:0.0000s ]
NOTIC: [8] Undefined variable: code D:\phpStudy\WWW\bus\Application\Common\Common\function.php 第 1151 行.
INFO: [ app_end ] --START--
INFO: Run Behavior\ShowPageTraceBehavior [ RunTime:0.001001s ]
INFO: [ app_end ] --END-- [ RunTime:0.001001s ]

[ 2017-07-21T10:08:43+08:00 ] ::1 /bus/member/index
INFO: [ app_init ] --START--
INFO: Run Behavior\BuildLiteBehavior [ RunTime:0.000000s ]
INFO: Run Common\Behavior\InitHookBehavior [ RunTime:0.001000s ]
INFO: [ app_init ] --END-- [ RunTime:0.002000s ]
INFO: [ app_begin ] --START--
INFO: Run Behavior\ReadHtmlCacheBehavior [ RunTime:0.000000s ]
INFO: [ app_begin ] --END-- [ RunTime:0.000000s ]
SQL: SHOW COLUMNS FROM `bus_config` [ RunTime:0.0030s ]
SQL: SELECT `type`,`name`,`value` FROM `bus_config` WHERE `status` = 1  [ RunTime:0.0000s ]
NOTIC: [8] Undefined index: auth D:\phpStudy\WWW\bus\Application\Home\Controller\MemberController.class.php 第 30 行.
NOTIC: [2] Missing argument 5 for json_api(), called in D:\phpStudy\WWW\bus\Application\Home\Controller\MemberController.class.php on line 32 and defined D:\phpStudy\WWW\bus\Application\Common\Common\function.php 第 1125 行.
SQL: SHOW COLUMNS FROM `bus_home_member` [ RunTime:0.0020s ]
SQL: SELECT * FROM `bus_home_member` WHERE `id` = null LIMIT 1   [ RunTime:0.0000s ]
NOTIC: [8] Undefined variable: code D:\phpStudy\WWW\bus\Application\Common\Common\function.php 第 1151 行.
INFO: [ app_end ] --START--
INFO: Run Behavior\ShowPageTraceBehavior [ RunTime:0.001000s ]
INFO: [ app_end ] --END-- [ RunTime:0.001000s ]

[ 2017-07-21T10:08:44+08:00 ] ::1 /bus/member/index
INFO: [ app_init ] --START--
INFO: Run Behavior\BuildLiteBehavior [ RunTime:0.000000s ]
INFO: Run Common\Behavior\InitHookBehavior [ RunTime:0.001000s ]
INFO: [ app_init ] --END-- [ RunTime:0.002000s ]
INFO: [ app_begin ] --START--
INFO: Run Behavior\ReadHtmlCacheBehavior [ RunTime:0.000000s ]
INFO: [ app_begin ] --END-- [ RunTime:0.001000s ]
SQL: SHOW COLUMNS FROM `bus_config` [ RunTime:0.0020s ]
SQL: SELECT `type`,`name`,`value` FROM `bus_config` WHERE `status` = 1  [ RunTime:0.0000s ]
NOTIC: [8] Undefined index: auth D:\phpStudy\WWW\bus\Application\Home\Controller\MemberController.class.php 第 30 行.
NOTIC: [2] Missing argument 5 for json_api(), called in D:\phpStudy\WWW\bus\Application\Home\Controller\MemberController.class.php on line 32 and defined D:\phpStudy\WWW\bus\Application\Common\Common\function.php 第 1125 行.
SQL: SHOW COLUMNS FROM `bus_home_member` [ RunTime:0.0020s ]
SQL: SELECT * FROM `bus_home_member` WHERE `id` = null LIMIT 1   [ RunTime:0.0010s ]
NOTIC: [8] Undefined variable: code D:\phpStudy\WWW\bus\Application\Common\Common\function.php 第 1151 行.
INFO: [ app_end ] --START--
INFO: Run Behavior\ShowPageTraceBehavior [ RunTime:0.001000s ]
INFO: [ app_end ] --END-- [ RunTime:0.001000s ]

[ 2017-07-21T10:08:44+08:00 ] ::1 /bus/member/index
INFO: [ app_init ] --START--
INFO: Run Behavior\BuildLiteBehavior [ RunTime:0.000000s ]
INFO: Run Common\Behavior\InitHookBehavior [ RunTime:0.002000s ]
INFO: [ app_init ] --END-- [ RunTime:0.002000s ]
INFO: [ app_begin ] --START--
INFO: Run Behavior\ReadHtmlCacheBehavior [ RunTime:0.000000s ]
INFO: [ app_begin ] --END-- [ RunTime:0.000000s ]
SQL: SHOW COLUMNS FROM `bus_config` [ RunTime:0.0020s ]
SQL: SELECT `type`,`name`,`value` FROM `bus_config` WHERE `status` = 1  [ RunTime:0.0010s ]
NOTIC: [8] Undefined index: auth D:\phpStudy\WWW\bus\Application\Home\Controller\MemberController.class.php 第 30 行.
NOTIC: [2] Missing argument 5 for json_api(), called in D:\phpStudy\WWW\bus\Application\Home\Controller\MemberController.class.php on line 32 and defined D:\phpStudy\WWW\bus\Application\Common\Common\function.php 第 1125 行.
SQL: SHOW COLUMNS FROM `bus_home_member` [ RunTime:0.0030s ]
SQL: SELECT * FROM `bus_home_member` WHERE `id` = null LIMIT 1   [ RunTime:0.0010s ]
NOTIC: [8] Undefined variable: code D:\phpStudy\WWW\bus\Application\Common\Common\function.php 第 1151 行.
INFO: [ app_end ] --START--
INFO: Run Behavior\ShowPageTraceBehavior [ RunTime:0.000000s ]
INFO: [ app_end ] --END-- [ RunTime:0.000000s ]

[ 2017-07-21T10:08:44+08:00 ] ::1 /bus/member/index
INFO: [ app_init ] --START--
INFO: Run Behavior\BuildLiteBehavior [ RunTime:0.000000s ]
INFO: Run Common\Behavior\InitHookBehavior [ RunTime:0.002000s ]
INFO: [ app_init ] --END-- [ RunTime:0.002000s ]
INFO: [ app_begin ] --START--
INFO: Run Behavior\ReadHtmlCacheBehavior [ RunTime:0.000000s ]
INFO: [ app_begin ] --END-- [ RunTime:0.000000s ]
SQL: SHOW COLUMNS FROM `bus_config` [ RunTime:0.0020s ]
SQL: SELECT `type`,`name`,`value` FROM `bus_config` WHERE `status` = 1  [ RunTime:0.0010s ]
NOTIC: [8] Undefined index: auth D:\phpStudy\WWW\bus\Application\Home\Controller\MemberController.class.php 第 30 行.
NOTIC: [2] Missing argument 5 for json_api(), called in D:\phpStudy\WWW\bus\Application\Home\Controller\MemberController.class.php on line 32 and defined D:\phpStudy\WWW\bus\Application\Common\Common\function.php 第 1125 行.
SQL: SHOW COLUMNS FROM `bus_home_member` [ RunTime:0.0030s ]
SQL: SELECT * FROM `bus_home_member` WHERE `id` = null LIMIT 1   [ RunTime:0.0000s ]
NOTIC: [8] Undefined variable: code D:\phpStudy\WWW\bus\Application\Common\Common\function.php 第 1151 行.
INFO: [ app_end ] --START--
INFO: Run Behavior\ShowPageTraceBehavior [ RunTime:0.001000s ]
INFO: [ app_end ] --END-- [ RunTime:0.001000s ]

[ 2017-07-21T10:08:44+08:00 ] ::1 /bus/member/index
INFO: [ app_init ] --START--
INFO: Run Behavior\BuildLiteBehavior [ RunTime:0.000000s ]
INFO: Run Common\Behavior\InitHookBehavior [ RunTime:0.001000s ]
INFO: [ app_init ] --END-- [ RunTime:0.001000s ]
INFO: [ app_begin ] --START--
INFO: Run Behavior\ReadHtmlCacheBehavior [ RunTime:0.000000s ]
INFO: [ app_begin ] --END-- [ RunTime:0.000000s ]
SQL: SHOW COLUMNS FROM `bus_config` [ RunTime:0.0020s ]
SQL: SELECT `type`,`name`,`value` FROM `bus_config` WHERE `status` = 1  [ RunTime:0.0000s ]
NOTIC: [8] Undefined index: auth D:\phpStudy\WWW\bus\Application\Home\Controller\MemberController.class.php 第 30 行.
NOTIC: [2] Missing argument 5 for json_api(), called in D:\phpStudy\WWW\bus\Application\Home\Controller\MemberController.class.php on line 32 and defined D:\phpStudy\WWW\bus\Application\Common\Common\function.php 第 1125 行.
SQL: SHOW COLUMNS FROM `bus_home_member` [ RunTime:0.0030s ]
SQL: SELECT * FROM `bus_home_member` WHERE `id` = null LIMIT 1   [ RunTime:0.0000s ]
NOTIC: [8] Undefined variable: code D:\phpStudy\WWW\bus\Application\Common\Common\function.php 第 1151 行.
INFO: [ app_end ] --START--
INFO: Run Behavior\ShowPageTraceBehavior [ RunTime:0.001000s ]
INFO: [ app_end ] --END-- [ RunTime:0.001000s ]

[ 2017-07-21T10:08:44+08:00 ] ::1 /bus/member/index
INFO: [ app_init ] --START--
INFO: Run Behavior\BuildLiteBehavior [ RunTime:0.000000s ]
INFO: Run Common\Behavior\InitHookBehavior [ RunTime:0.001000s ]
INFO: [ app_init ] --END-- [ RunTime:0.002000s ]
INFO: [ app_begin ] --START--
INFO: Run Behavior\ReadHtmlCacheBehavior [ RunTime:0.000000s ]
INFO: [ app_begin ] --END-- [ RunTime:0.000000s ]
SQL: SHOW COLUMNS FROM `bus_config` [ RunTime:0.0020s ]
SQL: SELECT `type`,`name`,`value` FROM `bus_config` WHERE `status` = 1  [ RunTime:0.0000s ]
NOTIC: [8] Undefined index: auth D:\phpStudy\WWW\bus\Application\Home\Controller\MemberController.class.php 第 30 行.
NOTIC: [2] Missing argument 5 for json_api(), called in D:\phpStudy\WWW\bus\Application\Home\Controller\MemberController.class.php on line 32 and defined D:\phpStudy\WWW\bus\Application\Common\Common\function.php 第 1125 行.
SQL: SHOW COLUMNS FROM `bus_home_member` [ RunTime:0.0040s ]
SQL: SELECT * FROM `bus_home_member` WHERE `id` = null LIMIT 1   [ RunTime:0.0000s ]
NOTIC: [8] Undefined variable: code D:\phpStudy\WWW\bus\Application\Common\Common\function.php 第 1151 行.
INFO: [ app_end ] --START--
INFO: Run Behavior\ShowPageTraceBehavior [ RunTime:0.001000s ]
INFO: [ app_end ] --END-- [ RunTime:0.001000s ]

[ 2017-07-21T10:09:35+08:00 ] ::1 /bus/member/index
INFO: [ app_init ] --START--
INFO: Run Behavior\BuildLiteBehavior [ RunTime:0.000000s ]
INFO: Run Common\Behavior\InitHookBehavior [ RunTime:0.002000s ]
INFO: [ app_init ] --END-- [ RunTime:0.002000s ]
INFO: [ app_begin ] --START--
INFO: Run Behavior\ReadHtmlCacheBehavior [ RunTime:0.001001s ]
INFO: [ app_begin ] --END-- [ RunTime:0.002001s ]
SQL: SHOW COLUMNS FROM `bus_config` [ RunTime:0.0020s ]
SQL: SELECT `type`,`name`,`value` FROM `bus_config` WHERE `status` = 1  [ RunTime:0.0000s ]
NOTIC: [8] Undefined index: auth D:\phpStudy\WWW\bus\Application\Home\Controller\MemberController.class.php 第 30 行.
NOTIC: [2] Missing argument 5 for json_api(), called in D:\phpStudy\WWW\bus\Application\Home\Controller\MemberController.class.php on line 32 and defined D:\phpStudy\WWW\bus\Application\Common\Common\function.php 第 1125 行.
SQL: SHOW COLUMNS FROM `bus_home_member` [ RunTime:0.0030s ]
SQL: SELECT * FROM `bus_home_member` WHERE `id` = null LIMIT 1   [ RunTime:0.0010s ]
INFO: [ app_end ] --START--
INFO: Run Behavior\ShowPageTraceBehavior [ RunTime:0.001000s ]
INFO: [ app_end ] --END-- [ RunTime:0.001000s ]

[ 2017-07-21T10:09:35+08:00 ] ::1 /bus/member/index
INFO: [ app_init ] --START--
INFO: Run Behavior\BuildLiteBehavior [ RunTime:0.000000s ]
INFO: Run Common\Behavior\InitHookBehavior [ RunTime:0.001000s ]
INFO: [ app_init ] --END-- [ RunTime:0.001000s ]
INFO: [ app_begin ] --START--
INFO: Run Behavior\ReadHtmlCacheBehavior [ RunTime:0.001000s ]
INFO: [ app_begin ] --END-- [ RunTime:0.001000s ]
SQL: SHOW COLUMNS FROM `bus_config` [ RunTime:0.0020s ]
SQL: SELECT `type`,`name`,`value` FROM `bus_config` WHERE `status` = 1  [ RunTime:0.0010s ]
NOTIC: [8] Undefined index: auth D:\phpStudy\WWW\bus\Application\Home\Controller\MemberController.class.php 第 30 行.
NOTIC: [2] Missing argument 5 for json_api(), called in D:\phpStudy\WWW\bus\Application\Home\Controller\MemberController.class.php on line 32 and defined D:\phpStudy\WWW\bus\Application\Common\Common\function.php 第 1125 行.
SQL: SHOW COLUMNS FROM `bus_home_member` [ RunTime:0.0040s ]
SQL: SELECT * FROM `bus_home_member` WHERE `id` = null LIMIT 1   [ RunTime:0.0010s ]
INFO: [ app_end ] --START--
INFO: Run Behavior\ShowPageTraceBehavior [ RunTime:0.000000s ]
INFO: [ app_end ] --END-- [ RunTime:0.000000s ]

[ 2017-07-21T10:09:35+08:00 ] ::1 /bus/member/index
INFO: [ app_init ] --START--
INFO: Run Behavior\BuildLiteBehavior [ RunTime:0.000000s ]
INFO: Run Common\Behavior\InitHookBehavior [ RunTime:0.002000s ]
INFO: [ app_init ] --END-- [ RunTime:0.003000s ]
INFO: [ app_begin ] --START--
INFO: Run Behavior\ReadHtmlCacheBehavior [ RunTime:0.001000s ]
INFO: [ app_begin ] --END-- [ RunTime:0.001000s ]
SQL: SHOW COLUMNS FROM `bus_config` [ RunTime:0.0030s ]
SQL: SELECT `type`,`name`,`value` FROM `bus_config` WHERE `status` = 1  [ RunTime:0.0000s ]
NOTIC: [8] Undefined index: auth D:\phpStudy\WWW\bus\Application\Home\Controller\MemberController.class.php 第 30 行.
NOTIC: [2] Missing argument 5 for json_api(), called in D:\phpStudy\WWW\bus\Application\Home\Controller\MemberController.class.php on line 32 and defined D:\phpStudy\WWW\bus\Application\Common\Common\function.php 第 1125 行.
SQL: SHOW COLUMNS FROM `bus_home_member` [ RunTime:0.0020s ]
SQL: SELECT * FROM `bus_home_member` WHERE `id` = null LIMIT 1   [ RunTime:0.0010s ]
INFO: [ app_end ] --START--
INFO: Run Behavior\ShowPageTraceBehavior [ RunTime:0.000000s ]
INFO: [ app_end ] --END-- [ RunTime:0.000000s ]

[ 2017-07-21T10:09:35+08:00 ] ::1 /bus/member/index
INFO: [ app_init ] --START--
INFO: Run Behavior\BuildLiteBehavior [ RunTime:0.000000s ]
INFO: Run Common\Behavior\InitHookBehavior [ RunTime:0.001000s ]
INFO: [ app_init ] --END-- [ RunTime:0.002000s ]
INFO: [ app_begin ] --START--
INFO: Run Behavior\ReadHtmlCacheBehavior [ RunTime:0.001000s ]
INFO: [ app_begin ] --END-- [ RunTime:0.001000s ]
SQL: SHOW COLUMNS FROM `bus_config` [ RunTime:0.0020s ]
SQL: SELECT `type`,`name`,`value` FROM `bus_config` WHERE `status` = 1  [ RunTime:0.0000s ]
NOTIC: [8] Undefined index: auth D:\phpStudy\WWW\bus\Application\Home\Controller\MemberController.class.php 第 30 行.
NOTIC: [2] Missing argument 5 for json_api(), called in D:\phpStudy\WWW\bus\Application\Home\Controller\MemberController.class.php on line 32 and defined D:\phpStudy\WWW\bus\Application\Common\Common\function.php 第 1125 行.
SQL: SHOW COLUMNS FROM `bus_home_member` [ RunTime:0.0020s ]
SQL: SELECT * FROM `bus_home_member` WHERE `id` = null LIMIT 1   [ RunTime:0.0000s ]
INFO: [ app_end ] --START--
INFO: Run Behavior\ShowPageTraceBehavior [ RunTime:0.001000s ]
INFO: [ app_end ] --END-- [ RunTime:0.001000s ]

[ 2017-07-21T10:09:36+08:00 ] ::1 /bus/member/index
INFO: [ app_init ] --START--
INFO: Run Behavior\BuildLiteBehavior [ RunTime:0.000000s ]
INFO: Run Common\Behavior\InitHookBehavior [ RunTime:0.003000s ]
INFO: [ app_init ] --END-- [ RunTime:0.003000s ]
INFO: [ app_begin ] --START--
INFO: Run Behavior\ReadHtmlCacheBehavior [ RunTime:0.000000s ]
INFO: [ app_begin ] --END-- [ RunTime:0.000000s ]
SQL: SHOW COLUMNS FROM `bus_config` [ RunTime:0.0020s ]
SQL: SELECT `type`,`name`,`value` FROM `bus_config` WHERE `status` = 1  [ RunTime:0.0000s ]
NOTIC: [8] Undefined index: auth D:\phpStudy\WWW\bus\Application\Home\Controller\MemberController.class.php 第 30 行.
NOTIC: [2] Missing argument 5 for json_api(), called in D:\phpStudy\WWW\bus\Application\Home\Controller\MemberController.class.php on line 32 and defined D:\phpStudy\WWW\bus\Application\Common\Common\function.php 第 1125 行.
SQL: SHOW COLUMNS FROM `bus_home_member` [ RunTime:0.0020s ]
SQL: SELECT * FROM `bus_home_member` WHERE `id` = null LIMIT 1   [ RunTime:0.0010s ]
INFO: [ app_end ] --START--
INFO: Run Behavior\ShowPageTraceBehavior [ RunTime:0.000000s ]
INFO: [ app_end ] --END-- [ RunTime:0.000000s ]

[ 2017-07-21T10:10:25+08:00 ] ::1 /bus/member/index
INFO: [ app_init ] --START--
INFO: Run Behavior\BuildLiteBehavior [ RunTime:0.000000s ]
INFO: Run Common\Behavior\InitHookBehavior [ RunTime:0.001000s ]
INFO: [ app_init ] --END-- [ RunTime:0.002000s ]
INFO: [ app_begin ] --START--
INFO: Run Behavior\ReadHtmlCacheBehavior [ RunTime:0.000000s ]
INFO: [ app_begin ] --END-- [ RunTime:0.000000s ]
SQL: SHOW COLUMNS FROM `bus_config` [ RunTime:0.0020s ]
SQL: SELECT `type`,`name`,`value` FROM `bus_config` WHERE `status` = 1  [ RunTime:0.0000s ]
NOTIC: [8] Undefined index: auth D:\phpStudy\WWW\bus\Application\Home\Controller\MemberController.class.php 第 30 行.
NOTIC: [2] Missing argument 5 for json_api(), called in D:\phpStudy\WWW\bus\Application\Home\Controller\MemberController.class.php on line 32 and defined D:\phpStudy\WWW\bus\Application\Common\Common\function.php 第 1125 行.
SQL: SHOW COLUMNS FROM `bus_home_member` [ RunTime:0.0030s ]
SQL: SELECT * FROM `bus_home_member` WHERE `id` = null LIMIT 1   [ RunTime:0.0000s ]
INFO: [ app_end ] --START--
INFO: Run Behavior\ShowPageTraceBehavior [ RunTime:0.001000s ]
INFO: [ app_end ] --END-- [ RunTime:0.001000s ]

[ 2017-07-21T10:10:25+08:00 ] ::1 /bus/member/index
INFO: [ app_init ] --START--
INFO: Run Behavior\BuildLiteBehavior [ RunTime:0.000000s ]
INFO: Run Common\Behavior\InitHookBehavior [ RunTime:0.002000s ]
INFO: [ app_init ] --END-- [ RunTime:0.002000s ]
INFO: [ app_begin ] --START--
INFO: Run Behavior\ReadHtmlCacheBehavior [ RunTime:0.001000s ]
INFO: [ app_begin ] --END-- [ RunTime:0.001000s ]
SQL: SHOW COLUMNS FROM `bus_config` [ RunTime:0.0020s ]
SQL: SELECT `type`,`name`,`value` FROM `bus_config` WHERE `status` = 1  [ RunTime:0.0000s ]
NOTIC: [8] Undefined index: auth D:\phpStudy\WWW\bus\Application\Home\Controller\MemberController.class.php 第 30 行.
NOTIC: [2] Missing argument 5 for json_api(), called in D:\phpStudy\WWW\bus\Application\Home\Controller\MemberController.class.php on line 32 and defined D:\phpStudy\WWW\bus\Application\Common\Common\function.php 第 1125 行.
SQL: SHOW COLUMNS FROM `bus_home_member` [ RunTime:0.0030s ]
SQL: SELECT * FROM `bus_home_member` WHERE `id` = null LIMIT 1   [ RunTime:0.0000s ]
INFO: [ app_end ] --START--
INFO: Run Behavior\ShowPageTraceBehavior [ RunTime:0.001000s ]
INFO: [ app_end ] --END-- [ RunTime:0.001000s ]

[ 2017-07-21T10:10:25+08:00 ] ::1 /bus/member/index
INFO: [ app_init ] --START--
INFO: Run Behavior\BuildLiteBehavior [ RunTime:0.000000s ]
INFO: Run Common\Behavior\InitHookBehavior [ RunTime:0.002000s ]
INFO: [ app_init ] --END-- [ RunTime:0.002000s ]
INFO: [ app_begin ] --START--
INFO: Run Behavior\ReadHtmlCacheBehavior [ RunTime:0.000000s ]
INFO: [ app_begin ] --END-- [ RunTime:0.000000s ]
SQL: SHOW COLUMNS FROM `bus_config` [ RunTime:0.0030s ]
SQL: SELECT `type`,`name`,`value` FROM `bus_config` WHERE `status` = 1  [ RunTime:0.0000s ]
NOTIC: [8] Undefined index: auth D:\phpStudy\WWW\bus\Application\Home\Controller\MemberController.class.php 第 30 行.
NOTIC: [2] Missing argument 5 for json_api(), called in D:\phpStudy\WWW\bus\Application\Home\Controller\MemberController.class.php on line 32 and defined D:\phpStudy\WWW\bus\Application\Common\Common\function.php 第 1125 行.
SQL: SHOW COLUMNS FROM `bus_home_member` [ RunTime:0.0030s ]
SQL: SELECT * FROM `bus_home_member` WHERE `id` = null LIMIT 1   [ RunTime:0.0000s ]
INFO: [ app_end ] --START--
INFO: Run Behavior\ShowPageTraceBehavior [ RunTime:0.001000s ]
INFO: [ app_end ] --END-- [ RunTime:0.001000s ]

[ 2017-07-21T10:10:26+08:00 ] ::1 /bus/member/index
INFO: [ app_init ] --START--
INFO: Run Behavior\BuildLiteBehavior [ RunTime:0.000000s ]
INFO: Run Common\Behavior\InitHookBehavior [ RunTime:0.001000s ]
INFO: [ app_init ] --END-- [ RunTime:0.002000s ]
INFO: [ app_begin ] --START--
INFO: Run Behavior\ReadHtmlCacheBehavior [ RunTime:0.000000s ]
INFO: [ app_begin ] --END-- [ RunTime:0.000000s ]
SQL: SHOW COLUMNS FROM `bus_config` [ RunTime:0.0030s ]
SQL: SELECT `type`,`name`,`value` FROM `bus_config` WHERE `status` = 1  [ RunTime:0.0000s ]
NOTIC: [8] Undefined index: auth D:\phpStudy\WWW\bus\Application\Home\Controller\MemberController.class.php 第 30 行.
NOTIC: [2] Missing argument 5 for json_api(), called in D:\phpStudy\WWW\bus\Application\Home\Controller\MemberController.class.php on line 32 and defined D:\phpStudy\WWW\bus\Application\Common\Common\function.php 第 1125 行.
SQL: SHOW COLUMNS FROM `bus_home_member` [ RunTime:0.0020s ]
SQL: SELECT * FROM `bus_home_member` WHERE `id` = null LIMIT 1   [ RunTime:0.0000s ]
INFO: [ app_end ] --START--
INFO: Run Behavior\ShowPageTraceBehavior [ RunTime:0.001000s ]
INFO: [ app_end ] --END-- [ RunTime:0.001000s ]

[ 2017-07-21T10:10:26+08:00 ] ::1 /bus/member/index
INFO: [ app_init ] --START--
INFO: Run Behavior\BuildLiteBehavior [ RunTime:0.000000s ]
INFO: Run Common\Behavior\InitHookBehavior [ RunTime:0.001000s ]
INFO: [ app_init ] --END-- [ RunTime:0.001000s ]
INFO: [ app_begin ] --START--
INFO: Run Behavior\ReadHtmlCacheBehavior [ RunTime:0.001000s ]
INFO: [ app_begin ] --END-- [ RunTime:0.001000s ]
SQL: SHOW COLUMNS FROM `bus_config` [ RunTime:0.0020s ]
SQL: SELECT `type`,`name`,`value` FROM `bus_config` WHERE `status` = 1  [ RunTime:0.0000s ]
NOTIC: [8] Undefined index: auth D:\phpStudy\WWW\bus\Application\Home\Controller\MemberController.class.php 第 30 行.
NOTIC: [2] Missing argument 5 for json_api(), called in D:\phpStudy\WWW\bus\Application\Home\Controller\MemberController.class.php on line 32 and defined D:\phpStudy\WWW\bus\Application\Common\Common\function.php 第 1125 行.
SQL: SHOW COLUMNS FROM `bus_home_member` [ RunTime:0.0020s ]
SQL: SELECT * FROM `bus_home_member` WHERE `id` = null LIMIT 1   [ RunTime:0.0000s ]
INFO: [ app_end ] --START--
INFO: Run Behavior\ShowPageTraceBehavior [ RunTime:0.001000s ]
INFO: [ app_end ] --END-- [ RunTime:0.001000s ]

[ 2017-07-21T10:10:26+08:00 ] ::1 /bus/member/index
INFO: [ app_init ] --START--
INFO: Run Behavior\BuildLiteBehavior [ RunTime:0.000000s ]
INFO: Run Common\Behavior\InitHookBehavior [ RunTime:0.002000s ]
INFO: [ app_init ] --END-- [ RunTime:0.002000s ]
INFO: [ app_begin ] --START--
INFO: Run Behavior\ReadHtmlCacheBehavior [ RunTime:0.000000s ]
INFO: [ app_begin ] --END-- [ RunTime:0.000000s ]
SQL: SHOW COLUMNS FROM `bus_config` [ RunTime:0.0030s ]
SQL: SELECT `type`,`name`,`value` FROM `bus_config` WHERE `status` = 1  [ RunTime:0.0000s ]
NOTIC: [8] Undefined index: auth D:\phpStudy\WWW\bus\Application\Home\Controller\MemberController.class.php 第 30 行.
NOTIC: [2] Missing argument 5 for json_api(), called in D:\phpStudy\WWW\bus\Application\Home\Controller\MemberController.class.php on line 32 and defined D:\phpStudy\WWW\bus\Application\Common\Common\function.php 第 1125 行.
SQL: SHOW COLUMNS FROM `bus_home_member` [ RunTime:0.0020s ]
SQL: SELECT * FROM `bus_home_member` WHERE `id` = null LIMIT 1   [ RunTime:0.0000s ]
INFO: [ app_end ] --START--
INFO: Run Behavior\ShowPageTraceBehavior [ RunTime:0.000000s ]
INFO: [ app_end ] --END-- [ RunTime:0.000000s ]

[ 2017-07-21T10:10:26+08:00 ] ::1 /bus/member/index
INFO: [ app_init ] --START--
INFO: Run Behavior\BuildLiteBehavior [ RunTime:0.000000s ]
INFO: Run Common\Behavior\InitHookBehavior [ RunTime:0.002000s ]
INFO: [ app_init ] --END-- [ RunTime:0.002000s ]
INFO: [ app_begin ] --START--
INFO: Run Behavior\ReadHtmlCacheBehavior [ RunTime:0.001000s ]
INFO: [ app_begin ] --END-- [ RunTime:0.001000s ]
SQL: SHOW COLUMNS FROM `bus_config` [ RunTime:0.0020s ]
SQL: SELECT `type`,`name`,`value` FROM `bus_config` WHERE `status` = 1  [ RunTime:0.0000s ]
NOTIC: [8] Undefined index: auth D:\phpStudy\WWW\bus\Application\Home\Controller\MemberController.class.php 第 30 行.
NOTIC: [2] Missing argument 5 for json_api(), called in D:\phpStudy\WWW\bus\Application\Home\Controller\MemberController.class.php on line 32 and defined D:\phpStudy\WWW\bus\Application\Common\Common\function.php 第 1125 行.
SQL: SHOW COLUMNS FROM `bus_home_member` [ RunTime:0.0030s ]
SQL: SELECT * FROM `bus_home_member` WHERE `id` = null LIMIT 1   [ RunTime:0.0000s ]
INFO: [ app_end ] --START--
INFO: Run Behavior\ShowPageTraceBehavior [ RunTime:0.001001s ]
INFO: [ app_end ] --END-- [ RunTime:0.001001s ]

[ 2017-07-21T10:10:26+08:00 ] ::1 /bus/member/index
INFO: [ app_init ] --START--
INFO: Run Behavior\BuildLiteBehavior [ RunTime:0.000000s ]
INFO: Run Common\Behavior\InitHookBehavior [ RunTime:0.001000s ]
INFO: [ app_init ] --END-- [ RunTime:0.002000s ]
INFO: [ app_begin ] --START--
INFO: Run Behavior\ReadHtmlCacheBehavior [ RunTime:0.000000s ]
INFO: [ app_begin ] --END-- [ RunTime:0.000000s ]
SQL: SHOW COLUMNS FROM `bus_config` [ RunTime:0.0020s ]
SQL: SELECT `type`,`name`,`value` FROM `bus_config` WHERE `status` = 1  [ RunTime:0.0000s ]
NOTIC: [8] Undefined index: auth D:\phpStudy\WWW\bus\Application\Home\Controller\MemberController.class.php 第 30 行.
NOTIC: [2] Missing argument 5 for json_api(), called in D:\phpStudy\WWW\bus\Application\Home\Controller\MemberController.class.php on line 32 and defined D:\phpStudy\WWW\bus\Application\Common\Common\function.php 第 1125 行.
SQL: SHOW COLUMNS FROM `bus_home_member` [ RunTime:0.0030s ]
SQL: SELECT * FROM `bus_home_member` WHERE `id` = null LIMIT 1   [ RunTime:0.0000s ]
INFO: [ app_end ] --START--
INFO: Run Behavior\ShowPageTraceBehavior [ RunTime:0.001000s ]
INFO: [ app_end ] --END-- [ RunTime:0.001000s ]

[ 2017-07-21T10:10:27+08:00 ] ::1 /bus/member/index
INFO: [ app_init ] --START--
INFO: Run Behavior\BuildLiteBehavior [ RunTime:0.000000s ]
INFO: Run Common\Behavior\InitHookBehavior [ RunTime:0.001000s ]
INFO: [ app_init ] --END-- [ RunTime:0.002000s ]
INFO: [ app_begin ] --START--
INFO: Run Behavior\ReadHtmlCacheBehavior [ RunTime:0.000000s ]
INFO: [ app_begin ] --END-- [ RunTime:0.000000s ]
SQL: SHOW COLUMNS FROM `bus_config` [ RunTime:0.0040s ]
SQL: SELECT `type`,`name`,`value` FROM `bus_config` WHERE `status` = 1  [ RunTime:0.0000s ]
NOTIC: [8] Undefined index: auth D:\phpStudy\WWW\bus\Application\Home\Controller\MemberController.class.php 第 30 行.
NOTIC: [2] Missing argument 5 for json_api(), called in D:\phpStudy\WWW\bus\Application\Home\Controller\MemberController.class.php on line 32 and defined D:\phpStudy\WWW\bus\Application\Common\Common\function.php 第 1125 行.
SQL: SHOW COLUMNS FROM `bus_home_member` [ RunTime:0.0030s ]
SQL: SELECT * FROM `bus_home_member` WHERE `id` = null LIMIT 1   [ RunTime:0.0010s ]
INFO: [ app_end ] --START--
INFO: Run Behavior\ShowPageTraceBehavior [ RunTime:0.000000s ]
INFO: [ app_end ] --END-- [ RunTime:0.000000s ]

[ 2017-07-21T10:10:28+08:00 ] ::1 /bus/member/index
INFO: [ app_init ] --START--
INFO: Run Behavior\BuildLiteBehavior [ RunTime:0.000000s ]
INFO: Run Common\Behavior\InitHookBehavior [ RunTime:0.001000s ]
INFO: [ app_init ] --END-- [ RunTime:0.001000s ]
INFO: [ app_begin ] --START--
INFO: Run Behavior\ReadHtmlCacheBehavior [ RunTime:0.001000s ]
INFO: [ app_begin ] --END-- [ RunTime:0.001000s ]
SQL: SHOW COLUMNS FROM `bus_config` [ RunTime:0.0030s ]
SQL: SELECT `type`,`name`,`value` FROM `bus_config` WHERE `status` = 1  [ RunTime:0.0010s ]
NOTIC: [8] Undefined index: auth D:\phpStudy\WWW\bus\Application\Home\Controller\MemberController.class.php 第 30 行.
NOTIC: [2] Missing argument 5 for json_api(), called in D:\phpStudy\WWW\bus\Application\Home\Controller\MemberController.class.php on line 32 and defined D:\phpStudy\WWW\bus\Application\Common\Common\function.php 第 1125 行.
SQL: SHOW COLUMNS FROM `bus_home_member` [ RunTime:0.0030s ]
SQL: SELECT * FROM `bus_home_member` WHERE `id` = null LIMIT 1   [ RunTime:0.0000s ]
INFO: [ app_end ] --START--
INFO: Run Behavior\ShowPageTraceBehavior [ RunTime:0.001000s ]
INFO: [ app_end ] --END-- [ RunTime:0.001000s ]

[ 2017-07-21T10:10:41+08:00 ] ::1 /bus/member/index
INFO: [ app_init ] --START--
INFO: Run Behavior\BuildLiteBehavior [ RunTime:0.000000s ]
INFO: Run Common\Behavior\InitHookBehavior [ RunTime:0.002000s ]
INFO: [ app_init ] --END-- [ RunTime:0.002000s ]
INFO: [ app_begin ] --START--
INFO: Run Behavior\ReadHtmlCacheBehavior [ RunTime:0.001000s ]
INFO: [ app_begin ] --END-- [ RunTime:0.001000s ]
SQL: SHOW COLUMNS FROM `bus_config` [ RunTime:0.0030s ]
SQL: SELECT `type`,`name`,`value` FROM `bus_config` WHERE `status` = 1  [ RunTime:0.0010s ]
NOTIC: [8] Undefined index: auth D:\phpStudy\WWW\bus\Application\Home\Controller\MemberController.class.php 第 30 行.
NOTIC: [2] Missing argument 5 for json_api(), called in D:\phpStudy\WWW\bus\Application\Home\Controller\MemberController.class.php on line 32 and defined D:\phpStudy\WWW\bus\Application\Common\Common\function.php 第 1125 行.
SQL: SHOW COLUMNS FROM `bus_home_member` [ RunTime:0.0020s ]
SQL: SELECT * FROM `bus_home_member` WHERE `id` = null LIMIT 1   [ RunTime:0.0010s ]
INFO: [ app_end ] --START--
INFO: Run Behavior\ShowPageTraceBehavior [ RunTime:0.000000s ]
INFO: [ app_end ] --END-- [ RunTime:0.000000s ]

[ 2017-07-21T10:10:41+08:00 ] ::1 /bus/member/index
INFO: [ app_init ] --START--
INFO: Run Behavior\BuildLiteBehavior [ RunTime:0.000000s ]
INFO: Run Common\Behavior\InitHookBehavior [ RunTime:0.001000s ]
INFO: [ app_init ] --END-- [ RunTime:0.002000s ]
INFO: [ app_begin ] --START--
INFO: Run Behavior\ReadHtmlCacheBehavior [ RunTime:0.000000s ]
INFO: [ app_begin ] --END-- [ RunTime:0.000000s ]
SQL: SHOW COLUMNS FROM `bus_config` [ RunTime:0.0020s ]
SQL: SELECT `type`,`name`,`value` FROM `bus_config` WHERE `status` = 1  [ RunTime:0.0000s ]
NOTIC: [8] Undefined index: auth D:\phpStudy\WWW\bus\Application\Home\Controller\MemberController.class.php 第 30 行.
NOTIC: [2] Missing argument 5 for json_api(), called in D:\phpStudy\WWW\bus\Application\Home\Controller\MemberController.class.php on line 32 and defined D:\phpStudy\WWW\bus\Application\Common\Common\function.php 第 1125 行.
SQL: SHOW COLUMNS FROM `bus_home_member` [ RunTime:0.0030s ]
SQL: SELECT * FROM `bus_home_member` WHERE `id` = null LIMIT 1   [ RunTime:0.0000s ]
INFO: [ app_end ] --START--
INFO: Run Behavior\ShowPageTraceBehavior [ RunTime:0.001000s ]
INFO: [ app_end ] --END-- [ RunTime:0.001000s ]

[ 2017-07-21T10:10:42+08:00 ] ::1 /bus/member/index
INFO: [ app_init ] --START--
INFO: Run Behavior\BuildLiteBehavior [ RunTime:0.000000s ]
INFO: Run Common\Behavior\InitHookBehavior [ RunTime:0.001000s ]
INFO: [ app_init ] --END-- [ RunTime:0.002000s ]
INFO: [ app_begin ] --START--
INFO: Run Behavior\ReadHtmlCacheBehavior [ RunTime:0.001000s ]
INFO: [ app_begin ] --END-- [ RunTime:0.001000s ]
SQL: SHOW COLUMNS FROM `bus_config` [ RunTime:0.0030s ]
SQL: SELECT `type`,`name`,`value` FROM `bus_config` WHERE `status` = 1  [ RunTime:0.0000s ]
NOTIC: [8] Undefined index: auth D:\phpStudy\WWW\bus\Application\Home\Controller\MemberController.class.php 第 30 行.
NOTIC: [2] Missing argument 5 for json_api(), called in D:\phpStudy\WWW\bus\Application\Home\Controller\MemberController.class.php on line 32 and defined D:\phpStudy\WWW\bus\Application\Common\Common\function.php 第 1125 行.
SQL: SHOW COLUMNS FROM `bus_home_member` [ RunTime:0.0020s ]
SQL: SELECT * FROM `bus_home_member` WHERE `id` = null LIMIT 1   [ RunTime:0.0000s ]
INFO: [ app_end ] --START--
INFO: Run Behavior\ShowPageTraceBehavior [ RunTime:0.001000s ]
INFO: [ app_end ] --END-- [ RunTime:0.001000s ]

[ 2017-07-21T10:10:42+08:00 ] ::1 /bus/member/index
INFO: [ app_init ] --START--
INFO: Run Behavior\BuildLiteBehavior [ RunTime:0.000000s ]
INFO: Run Common\Behavior\InitHookBehavior [ RunTime:0.002000s ]
INFO: [ app_init ] --END-- [ RunTime:0.003000s ]
INFO: [ app_begin ] --START--
INFO: Run Behavior\ReadHtmlCacheBehavior [ RunTime:0.001000s ]
INFO: [ app_begin ] --END-- [ RunTime:0.001000s ]
SQL: SHOW COLUMNS FROM `bus_config` [ RunTime:0.0030s ]
SQL: SELECT `type`,`name`,`value` FROM `bus_config` WHERE `status` = 1  [ RunTime:0.0000s ]
NOTIC: [8] Undefined index: auth D:\phpStudy\WWW\bus\Application\Home\Controller\MemberController.class.php 第 30 行.
NOTIC: [2] Missing argument 5 for json_api(), called in D:\phpStudy\WWW\bus\Application\Home\Controller\MemberController.class.php on line 32 and defined D:\phpStudy\WWW\bus\Application\Common\Common\function.php 第 1125 行.
SQL: SHOW COLUMNS FROM `bus_home_member` [ RunTime:0.0020s ]
SQL: SELECT * FROM `bus_home_member` WHERE `id` = null LIMIT 1   [ RunTime:0.0000s ]
INFO: [ app_end ] --START--
INFO: Run Behavior\ShowPageTraceBehavior [ RunTime:0.001000s ]
INFO: [ app_end ] --END-- [ RunTime:0.001000s ]

[ 2017-07-21T10:10:42+08:00 ] ::1 /bus/member/index
INFO: [ app_init ] --START--
INFO: Run Behavior\BuildLiteBehavior [ RunTime:0.000000s ]
INFO: Run Common\Behavior\InitHookBehavior [ RunTime:0.002000s ]
INFO: [ app_init ] --END-- [ RunTime:0.002000s ]
INFO: [ app_begin ] --START--
INFO: Run Behavior\ReadHtmlCacheBehavior [ RunTime:0.001000s ]
INFO: [ app_begin ] --END-- [ RunTime:0.001000s ]
SQL: SHOW COLUMNS FROM `bus_config` [ RunTime:0.0020s ]
SQL: SELECT `type`,`name`,`value` FROM `bus_config` WHERE `status` = 1  [ RunTime:0.0000s ]
NOTIC: [8] Undefined index: auth D:\phpStudy\WWW\bus\Application\Home\Controller\MemberController.class.php 第 30 行.
NOTIC: [2] Missing argument 5 for json_api(), called in D:\phpStudy\WWW\bus\Application\Home\Controller\MemberController.class.php on line 32 and defined D:\phpStudy\WWW\bus\Application\Common\Common\function.php 第 1125 行.
SQL: SHOW COLUMNS FROM `bus_home_member` [ RunTime:0.0020s ]
SQL: SELECT * FROM `bus_home_member` WHERE `id` = null LIMIT 1   [ RunTime:0.0000s ]
INFO: [ app_end ] --START--
INFO: Run Behavior\ShowPageTraceBehavior [ RunTime:0.001000s ]
INFO: [ app_end ] --END-- [ RunTime:0.001000s ]

[ 2017-07-21T10:11:08+08:00 ] ::1 /bus/member/index
INFO: [ app_init ] --START--
INFO: Run Behavior\BuildLiteBehavior [ RunTime:0.000000s ]
INFO: Run Common\Behavior\InitHookBehavior [ RunTime:0.001000s ]
INFO: [ app_init ] --END-- [ RunTime:0.001000s ]
INFO: [ app_begin ] --START--
INFO: Run Behavior\ReadHtmlCacheBehavior [ RunTime:0.001000s ]
INFO: [ app_begin ] --END-- [ RunTime:0.001000s ]
SQL: SHOW COLUMNS FROM `bus_config` [ RunTime:0.0020s ]
SQL: SELECT `type`,`name`,`value` FROM `bus_config` WHERE `status` = 1  [ RunTime:0.0010s ]
NOTIC: [8] Undefined index: auth D:\phpStudy\WWW\bus\Application\Home\Controller\MemberController.class.php 第 30 行.
NOTIC: [2] Missing argument 5 for json_api(), called in D:\phpStudy\WWW\bus\Application\Home\Controller\MemberController.class.php on line 32 and defined D:\phpStudy\WWW\bus\Application\Common\Common\function.php 第 1125 行.
SQL: SHOW COLUMNS FROM `bus_home_member` [ RunTime:0.0020s ]
SQL: SELECT * FROM `bus_home_member` WHERE `id` = null LIMIT 1   [ RunTime:0.0000s ]
INFO: [ app_end ] --START--
INFO: Run Behavior\ShowPageTraceBehavior [ RunTime:0.001000s ]
INFO: [ app_end ] --END-- [ RunTime:0.001000s ]

[ 2017-07-21T10:11:09+08:00 ] ::1 /bus/member/index
INFO: [ app_init ] --START--
INFO: Run Behavior\BuildLiteBehavior [ RunTime:0.000000s ]
INFO: Run Common\Behavior\InitHookBehavior [ RunTime:0.001000s ]
INFO: [ app_init ] --END-- [ RunTime:0.001000s ]
INFO: [ app_begin ] --START--
INFO: Run Behavior\ReadHtmlCacheBehavior [ RunTime:0.001000s ]
INFO: [ app_begin ] --END-- [ RunTime:0.001000s ]
SQL: SHOW COLUMNS FROM `bus_config` [ RunTime:0.0020s ]
SQL: SELECT `type`,`name`,`value` FROM `bus_config` WHERE `status` = 1  [ RunTime:0.0000s ]
NOTIC: [8] Undefined index: auth D:\phpStudy\WWW\bus\Application\Home\Controller\MemberController.class.php 第 30 行.
NOTIC: [2] Missing argument 5 for json_api(), called in D:\phpStudy\WWW\bus\Application\Home\Controller\MemberController.class.php on line 32 and defined D:\phpStudy\WWW\bus\Application\Common\Common\function.php 第 1125 行.
SQL: SHOW COLUMNS FROM `bus_home_member` [ RunTime:0.0030s ]
SQL: SELECT * FROM `bus_home_member` WHERE `id` = null LIMIT 1   [ RunTime:0.0000s ]
INFO: [ app_end ] --START--
INFO: Run Behavior\ShowPageTraceBehavior [ RunTime:0.000000s ]
INFO: [ app_end ] --END-- [ RunTime:0.000000s ]

[ 2017-07-21T10:11:09+08:00 ] ::1 /bus/member/index
INFO: [ app_init ] --START--
INFO: Run Behavior\BuildLiteBehavior [ RunTime:0.000000s ]
INFO: Run Common\Behavior\InitHookBehavior [ RunTime:0.002000s ]
INFO: [ app_init ] --END-- [ RunTime:0.002000s ]
INFO: [ app_begin ] --START--
INFO: Run Behavior\ReadHtmlCacheBehavior [ RunTime:0.000000s ]
INFO: [ app_begin ] --END-- [ RunTime:0.001000s ]
SQL: SHOW COLUMNS FROM `bus_config` [ RunTime:0.0020s ]
SQL: SELECT `type`,`name`,`value` FROM `bus_config` WHERE `status` = 1  [ RunTime:0.0000s ]
NOTIC: [8] Undefined index: auth D:\phpStudy\WWW\bus\Application\Home\Controller\MemberController.class.php 第 30 行.
NOTIC: [2] Missing argument 5 for json_api(), called in D:\phpStudy\WWW\bus\Application\Home\Controller\MemberController.class.php on line 32 and defined D:\phpStudy\WWW\bus\Application\Common\Common\function.php 第 1125 行.
SQL: SHOW COLUMNS FROM `bus_home_member` [ RunTime:0.0020s ]
SQL: SELECT * FROM `bus_home_member` WHERE `id` = null LIMIT 1   [ RunTime:0.0010s ]
INFO: [ app_end ] --START--
INFO: Run Behavior\ShowPageTraceBehavior [ RunTime:0.000000s ]
INFO: [ app_end ] --END-- [ RunTime:0.000000s ]

[ 2017-07-21T10:11:09+08:00 ] ::1 /bus/member/index
INFO: [ app_init ] --START--
INFO: Run Behavior\BuildLiteBehavior [ RunTime:0.000000s ]
INFO: Run Common\Behavior\InitHookBehavior [ RunTime:0.001000s ]
INFO: [ app_init ] --END-- [ RunTime:0.001000s ]
INFO: [ app_begin ] --START--
INFO: Run Behavior\ReadHtmlCacheBehavior [ RunTime:0.001000s ]
INFO: [ app_begin ] --END-- [ RunTime:0.001000s ]
SQL: SHOW COLUMNS FROM `bus_config` [ RunTime:0.0030s ]
SQL: SELECT `type`,`name`,`value` FROM `bus_config` WHERE `status` = 1  [ RunTime:0.0010s ]
NOTIC: [8] Undefined index: auth D:\phpStudy\WWW\bus\Application\Home\Controller\MemberController.class.php 第 30 行.
NOTIC: [2] Missing argument 5 for json_api(), called in D:\phpStudy\WWW\bus\Application\Home\Controller\MemberController.class.php on line 32 and defined D:\phpStudy\WWW\bus\Application\Common\Common\function.php 第 1125 行.
SQL: SHOW COLUMNS FROM `bus_home_member` [ RunTime:0.0030s ]
SQL: SELECT * FROM `bus_home_member` WHERE `id` = null LIMIT 1   [ RunTime:0.0000s ]
INFO: [ app_end ] --START--
INFO: Run Behavior\ShowPageTraceBehavior [ RunTime:0.001000s ]
INFO: [ app_end ] --END-- [ RunTime:0.001000s ]

[ 2017-07-21T10:12:11+08:00 ] ::1 /bus/member/index
INFO: [ app_init ] --START--
INFO: Run Behavior\BuildLiteBehavior [ RunTime:0.000000s ]
INFO: Run Common\Behavior\InitHookBehavior [ RunTime:0.002001s ]
INFO: [ app_init ] --END-- [ RunTime:0.003001s ]
INFO: [ app_begin ] --START--
INFO: Run Behavior\ReadHtmlCacheBehavior [ RunTime:0.000000s ]
INFO: [ app_begin ] --END-- [ RunTime:0.000000s ]
SQL: SHOW COLUMNS FROM `bus_config` [ RunTime:0.0030s ]
SQL: SELECT `type`,`name`,`value` FROM `bus_config` WHERE `status` = 1  [ RunTime:0.0010s ]
NOTIC: [8] Undefined index: user_auth D:\phpStudy\WWW\bus\Application\Home\Controller\MemberController.class.php 第 30 行.
NOTIC: [2] Missing argument 5 for json_api(), called in D:\phpStudy\WWW\bus\Application\Home\Controller\MemberController.class.php on line 32 and defined D:\phpStudy\WWW\bus\Application\Common\Common\function.php 第 1125 行.
SQL: SHOW COLUMNS FROM `bus_home_member` [ RunTime:0.0030s ]
SQL: SELECT * FROM `bus_home_member` WHERE `id` = null LIMIT 1   [ RunTime:0.0000s ]
INFO: [ app_end ] --START--
INFO: Run Behavior\ShowPageTraceBehavior [ RunTime:0.001000s ]
INFO: [ app_end ] --END-- [ RunTime:0.001000s ]

[ 2017-07-21T10:12:11+08:00 ] ::1 /bus/member/index
INFO: [ app_init ] --START--
INFO: Run Behavior\BuildLiteBehavior [ RunTime:0.000000s ]
INFO: Run Common\Behavior\InitHookBehavior [ RunTime:0.003001s ]
INFO: [ app_init ] --END-- [ RunTime:0.003001s ]
INFO: [ app_begin ] --START--
INFO: Run Behavior\ReadHtmlCacheBehavior [ RunTime:0.000000s ]
INFO: [ app_begin ] --END-- [ RunTime:0.000000s ]
SQL: SHOW COLUMNS FROM `bus_config` [ RunTime:0.0020s ]
SQL: SELECT `type`,`name`,`value` FROM `bus_config` WHERE `status` = 1  [ RunTime:0.0010s ]
NOTIC: [8] Undefined index: user_auth D:\phpStudy\WWW\bus\Application\Home\Controller\MemberController.class.php 第 30 行.
NOTIC: [2] Missing argument 5 for json_api(), called in D:\phpStudy\WWW\bus\Application\Home\Controller\MemberController.class.php on line 32 and defined D:\phpStudy\WWW\bus\Application\Common\Common\function.php 第 1125 行.
SQL: SHOW COLUMNS FROM `bus_home_member` [ RunTime:0.0030s ]
SQL: SELECT * FROM `bus_home_member` WHERE `id` = null LIMIT 1   [ RunTime:0.0000s ]
INFO: [ app_end ] --START--
INFO: Run Behavior\ShowPageTraceBehavior [ RunTime:0.001000s ]
INFO: [ app_end ] --END-- [ RunTime:0.001000s ]

[ 2017-07-21T10:12:11+08:00 ] ::1 /bus/member/index
INFO: [ app_init ] --START--
INFO: Run Behavior\BuildLiteBehavior [ RunTime:0.000000s ]
INFO: Run Common\Behavior\InitHookBehavior [ RunTime:0.001000s ]
INFO: [ app_init ] --END-- [ RunTime:0.002001s ]
INFO: [ app_begin ] --START--
INFO: Run Behavior\ReadHtmlCacheBehavior [ RunTime:0.000000s ]
INFO: [ app_begin ] --END-- [ RunTime:0.000000s ]
SQL: SHOW COLUMNS FROM `bus_config` [ RunTime:0.0020s ]
SQL: SELECT `type`,`name`,`value` FROM `bus_config` WHERE `status` = 1  [ RunTime:0.0000s ]
NOTIC: [8] Undefined index: user_auth D:\phpStudy\WWW\bus\Application\Home\Controller\MemberController.class.php 第 30 行.
NOTIC: [2] Missing argument 5 for json_api(), called in D:\phpStudy\WWW\bus\Application\Home\Controller\MemberController.class.php on line 32 and defined D:\phpStudy\WWW\bus\Application\Common\Common\function.php 第 1125 行.
SQL: SHOW COLUMNS FROM `bus_home_member` [ RunTime:0.0030s ]
SQL: SELECT * FROM `bus_home_member` WHERE `id` = null LIMIT 1   [ RunTime:0.0000s ]
INFO: [ app_end ] --START--
INFO: Run Behavior\ShowPageTraceBehavior [ RunTime:0.001000s ]
INFO: [ app_end ] --END-- [ RunTime:0.001000s ]

[ 2017-07-21T10:13:20+08:00 ] ::1 /bus/member/index
INFO: [ app_init ] --START--
INFO: Run Behavior\BuildLiteBehavior [ RunTime:0.000000s ]
INFO: Run Common\Behavior\InitHookBehavior [ RunTime:0.002001s ]
INFO: [ app_init ] --END-- [ RunTime:0.002001s ]
INFO: [ app_begin ] --START--
INFO: Run Behavior\ReadHtmlCacheBehavior [ RunTime:0.000000s ]
INFO: [ app_begin ] --END-- [ RunTime:0.000000s ]
SQL: SHOW COLUMNS FROM `bus_config` [ RunTime:0.0020s ]
SQL: SELECT `type`,`name`,`value` FROM `bus_config` WHERE `status` = 1  [ RunTime:0.0000s ]
NOTIC: [2] Missing argument 5 for json_api(), called in D:\phpStudy\WWW\bus\Application\Home\Controller\MemberController.class.php on line 30 and defined D:\phpStudy\WWW\bus\Application\Common\Common\function.php 第 1125 行.
SQL: SHOW COLUMNS FROM `bus_home_member` [ RunTime:0.0020s ]
SQL: SELECT * FROM `bus_home_member` WHERE `id` = 0 LIMIT 1   [ RunTime:0.0010s ]
INFO: [ app_end ] --START--
INFO: Run Behavior\ShowPageTraceBehavior [ RunTime:0.000000s ]
INFO: [ app_end ] --END-- [ RunTime:0.000000s ]

[ 2017-07-21T10:13:20+08:00 ] ::1 /bus/member/index
INFO: [ app_init ] --START--
INFO: Run Behavior\BuildLiteBehavior [ RunTime:0.000000s ]
INFO: Run Common\Behavior\InitHookBehavior [ RunTime:0.001000s ]
INFO: [ app_init ] --END-- [ RunTime:0.001000s ]
INFO: [ app_begin ] --START--
INFO: Run Behavior\ReadHtmlCacheBehavior [ RunTime:0.001000s ]
INFO: [ app_begin ] --END-- [ RunTime:0.001000s ]
SQL: SHOW COLUMNS FROM `bus_config` [ RunTime:0.0040s ]
SQL: SELECT `type`,`name`,`value` FROM `bus_config` WHERE `status` = 1  [ RunTime:0.0010s ]
NOTIC: [2] Missing argument 5 for json_api(), called in D:\phpStudy\WWW\bus\Application\Home\Controller\MemberController.class.php on line 30 and defined D:\phpStudy\WWW\bus\Application\Common\Common\function.php 第 1125 行.
SQL: SHOW COLUMNS FROM `bus_home_member` [ RunTime:0.0020s ]
SQL: SELECT * FROM `bus_home_member` WHERE `id` = 0 LIMIT 1   [ RunTime:0.0000s ]
INFO: [ app_end ] --START--
INFO: Run Behavior\ShowPageTraceBehavior [ RunTime:0.001000s ]
INFO: [ app_end ] --END-- [ RunTime:0.001000s ]

[ 2017-07-21T10:13:20+08:00 ] ::1 /bus/member/index
INFO: [ app_init ] --START--
INFO: Run Behavior\BuildLiteBehavior [ RunTime:0.000000s ]
INFO: Run Common\Behavior\InitHookBehavior [ RunTime:0.002000s ]
INFO: [ app_init ] --END-- [ RunTime:0.003000s ]
INFO: [ app_begin ] --START--
INFO: Run Behavior\ReadHtmlCacheBehavior [ RunTime:0.000000s ]
INFO: [ app_begin ] --END-- [ RunTime:0.000000s ]
SQL: SHOW COLUMNS FROM `bus_config` [ RunTime:0.0030s ]
SQL: SELECT `type`,`name`,`value` FROM `bus_config` WHERE `status` = 1  [ RunTime:0.0010s ]
NOTIC: [2] Missing argument 5 for json_api(), called in D:\phpStudy\WWW\bus\Application\Home\Controller\MemberController.class.php on line 30 and defined D:\phpStudy\WWW\bus\Application\Common\Common\function.php 第 1125 行.
SQL: SHOW COLUMNS FROM `bus_home_member` [ RunTime:0.0030s ]
SQL: SELECT * FROM `bus_home_member` WHERE `id` = 0 LIMIT 1   [ RunTime:0.0010s ]
INFO: [ app_end ] --START--
INFO: Run Behavior\ShowPageTraceBehavior [ RunTime:0.000000s ]
INFO: [ app_end ] --END-- [ RunTime:0.000000s ]

[ 2017-07-21T10:13:20+08:00 ] ::1 /bus/member/index
INFO: [ app_init ] --START--
INFO: Run Behavior\BuildLiteBehavior [ RunTime:0.000000s ]
INFO: Run Common\Behavior\InitHookBehavior [ RunTime:0.002001s ]
INFO: [ app_init ] --END-- [ RunTime:0.002001s ]
INFO: [ app_begin ] --START--
INFO: Run Behavior\ReadHtmlCacheBehavior [ RunTime:0.000000s ]
INFO: [ app_begin ] --END-- [ RunTime:0.000000s ]
SQL: SHOW COLUMNS FROM `bus_config` [ RunTime:0.0020s ]
SQL: SELECT `type`,`name`,`value` FROM `bus_config` WHERE `status` = 1  [ RunTime:0.0010s ]
NOTIC: [2] Missing argument 5 for json_api(), called in D:\phpStudy\WWW\bus\Application\Home\Controller\MemberController.class.php on line 30 and defined D:\phpStudy\WWW\bus\Application\Common\Common\function.php 第 1125 行.
SQL: SHOW COLUMNS FROM `bus_home_member` [ RunTime:0.0030s ]
SQL: SELECT * FROM `bus_home_member` WHERE `id` = 0 LIMIT 1   [ RunTime:0.0000s ]
INFO: [ app_end ] --START--
INFO: Run Behavior\ShowPageTraceBehavior [ RunTime:0.001000s ]
INFO: [ app_end ] --END-- [ RunTime:0.001000s ]

[ 2017-07-21T10:13:20+08:00 ] ::1 /bus/member/index
INFO: [ app_init ] --START--
INFO: Run Behavior\BuildLiteBehavior [ RunTime:0.000000s ]
INFO: Run Common\Behavior\InitHookBehavior [ RunTime:0.002000s ]
INFO: [ app_init ] --END-- [ RunTime:0.002000s ]
INFO: [ app_begin ] --START--
INFO: Run Behavior\ReadHtmlCacheBehavior [ RunTime:0.001000s ]
INFO: [ app_begin ] --END-- [ RunTime:0.002000s ]
SQL: SHOW COLUMNS FROM `bus_config` [ RunTime:0.0020s ]
SQL: SELECT `type`,`name`,`value` FROM `bus_config` WHERE `status` = 1  [ RunTime:0.0000s ]
NOTIC: [2] Missing argument 5 for json_api(), called in D:\phpStudy\WWW\bus\Application\Home\Controller\MemberController.class.php on line 30 and defined D:\phpStudy\WWW\bus\Application\Common\Common\function.php 第 1125 行.
SQL: SHOW COLUMNS FROM `bus_home_member` [ RunTime:0.0020s ]
SQL: SELECT * FROM `bus_home_member` WHERE `id` = 0 LIMIT 1   [ RunTime:0.0010s ]
INFO: [ app_end ] --START--
INFO: Run Behavior\ShowPageTraceBehavior [ RunTime:0.000000s ]
INFO: [ app_end ] --END-- [ RunTime:0.000000s ]

[ 2017-07-21T10:13:21+08:00 ] ::1 /bus/member/index
INFO: [ app_init ] --START--
INFO: Run Behavior\BuildLiteBehavior [ RunTime:0.000000s ]
INFO: Run Common\Behavior\InitHookBehavior [ RunTime:0.002000s ]
INFO: [ app_init ] --END-- [ RunTime:0.002000s ]
INFO: [ app_begin ] --START--
INFO: Run Behavior\ReadHtmlCacheBehavior [ RunTime:0.000000s ]
INFO: [ app_begin ] --END-- [ RunTime:0.000000s ]
SQL: SHOW COLUMNS FROM `bus_config` [ RunTime:0.0030s ]
SQL: SELECT `type`,`name`,`value` FROM `bus_config` WHERE `status` = 1  [ RunTime:0.0000s ]
NOTIC: [2] Missing argument 5 for json_api(), called in D:\phpStudy\WWW\bus\Application\Home\Controller\MemberController.class.php on line 30 and defined D:\phpStudy\WWW\bus\Application\Common\Common\function.php 第 1125 行.
SQL: SHOW COLUMNS FROM `bus_home_member` [ RunTime:0.0020s ]
SQL: SELECT * FROM `bus_home_member` WHERE `id` = 0 LIMIT 1   [ RunTime:0.0000s ]
INFO: [ app_end ] --START--
INFO: Run Behavior\ShowPageTraceBehavior [ RunTime:0.001000s ]
INFO: [ app_end ] --END-- [ RunTime:0.001000s ]

[ 2017-07-21T10:13:21+08:00 ] ::1 /bus/member/index
INFO: [ app_init ] --START--
INFO: Run Behavior\BuildLiteBehavior [ RunTime:0.000000s ]
INFO: Run Common\Behavior\InitHookBehavior [ RunTime:0.001000s ]
INFO: [ app_init ] --END-- [ RunTime:0.001000s ]
INFO: [ app_begin ] --START--
INFO: Run Behavior\ReadHtmlCacheBehavior [ RunTime:0.001000s ]
INFO: [ app_begin ] --END-- [ RunTime:0.001000s ]
SQL: SHOW COLUMNS FROM `bus_config` [ RunTime:0.0030s ]
SQL: SELECT `type`,`name`,`value` FROM `bus_config` WHERE `status` = 1  [ RunTime:0.0000s ]
NOTIC: [2] Missing argument 5 for json_api(), called in D:\phpStudy\WWW\bus\Application\Home\Controller\MemberController.class.php on line 30 and defined D:\phpStudy\WWW\bus\Application\Common\Common\function.php 第 1125 行.
SQL: SHOW COLUMNS FROM `bus_home_member` [ RunTime:0.0020s ]
SQL: SELECT * FROM `bus_home_member` WHERE `id` = 0 LIMIT 1   [ RunTime:0.0010s ]
INFO: [ app_end ] --START--
INFO: Run Behavior\ShowPageTraceBehavior [ RunTime:0.000000s ]
INFO: [ app_end ] --END-- [ RunTime:0.000000s ]

[ 2017-07-21T10:13:21+08:00 ] ::1 /bus/member/index
INFO: [ app_init ] --START--
INFO: Run Behavior\BuildLiteBehavior [ RunTime:0.000000s ]
INFO: Run Common\Behavior\InitHookBehavior [ RunTime:0.002000s ]
INFO: [ app_init ] --END-- [ RunTime:0.003000s ]
INFO: [ app_begin ] --START--
INFO: Run Behavior\ReadHtmlCacheBehavior [ RunTime:0.000000s ]
INFO: [ app_begin ] --END-- [ RunTime:0.000000s ]
SQL: SHOW COLUMNS FROM `bus_config` [ RunTime:0.0030s ]
SQL: SELECT `type`,`name`,`value` FROM `bus_config` WHERE `status` = 1  [ RunTime:0.0000s ]
NOTIC: [2] Missing argument 5 for json_api(), called in D:\phpStudy\WWW\bus\Application\Home\Controller\MemberController.class.php on line 30 and defined D:\phpStudy\WWW\bus\Application\Common\Common\function.php 第 1125 行.
SQL: SHOW COLUMNS FROM `bus_home_member` [ RunTime:0.0030s ]
SQL: SELECT * FROM `bus_home_member` WHERE `id` = 0 LIMIT 1   [ RunTime:0.0000s ]
INFO: [ app_end ] --START--
INFO: Run Behavior\ShowPageTraceBehavior [ RunTime:0.001000s ]
INFO: [ app_end ] --END-- [ RunTime:0.001000s ]

[ 2017-07-21T10:13:21+08:00 ] ::1 /bus/member/index
INFO: [ app_init ] --START--
INFO: Run Behavior\BuildLiteBehavior [ RunTime:0.000000s ]
INFO: Run Common\Behavior\InitHookBehavior [ RunTime:0.002000s ]
INFO: [ app_init ] --END-- [ RunTime:0.002000s ]
INFO: [ app_begin ] --START--
INFO: Run Behavior\ReadHtmlCacheBehavior [ RunTime:0.000000s ]
INFO: [ app_begin ] --END-- [ RunTime:0.000000s ]
SQL: SHOW COLUMNS FROM `bus_config` [ RunTime:0.0030s ]
SQL: SELECT `type`,`name`,`value` FROM `bus_config` WHERE `status` = 1  [ RunTime:0.0010s ]
NOTIC: [2] Missing argument 5 for json_api(), called in D:\phpStudy\WWW\bus\Application\Home\Controller\MemberController.class.php on line 30 and defined D:\phpStudy\WWW\bus\Application\Common\Common\function.php 第 1125 行.
SQL: SHOW COLUMNS FROM `bus_home_member` [ RunTime:0.0030s ]
SQL: SELECT * FROM `bus_home_member` WHERE `id` = 0 LIMIT 1   [ RunTime:0.0000s ]
INFO: [ app_end ] --START--
INFO: Run Behavior\ShowPageTraceBehavior [ RunTime:0.001000s ]
INFO: [ app_end ] --END-- [ RunTime:0.001000s ]

[ 2017-07-21T10:13:27+08:00 ] ::1 /bus/
INFO: [ app_init ] --START--
INFO: Run Behavior\BuildLiteBehavior [ RunTime:0.000000s ]
INFO: Run Common\Behavior\InitHookBehavior [ RunTime:0.001000s ]
INFO: [ app_init ] --END-- [ RunTime:0.002000s ]
INFO: [ app_begin ] --START--
INFO: Run Behavior\ReadHtmlCacheBehavior [ RunTime:0.001000s ]
INFO: [ app_begin ] --END-- [ RunTime:0.001000s ]
SQL: SHOW COLUMNS FROM `bus_config` [ RunTime:0.0020s ]
SQL: SELECT `type`,`name`,`value` FROM `bus_config` WHERE `status` = 1  [ RunTime:0.0000s ]
NOTIC: [2] Missing argument 5 for json_api(), called in D:\phpStudy\WWW\bus\Application\Home\Controller\IndexController.class.php on line 31 and defined D:\phpStudy\WWW\bus\Application\Common\Common\function.php 第 1125 行.
SQL: SHOW COLUMNS FROM `bus_place` [ RunTime:0.0020s ]
SQL: SELECT * FROM `bus_place` WHERE `id` = 1 LIMIT 1   [ RunTime:0.0010s ]
NOTIC: [8] Undefined variable: code D:\phpStudy\WWW\bus\Application\Common\Common\function.php 第 1152 行.
INFO: [ app_end ] --START--
INFO: Run Behavior\ShowPageTraceBehavior [ RunTime:0.000000s ]
INFO: [ app_end ] --END-- [ RunTime:0.000000s ]

[ 2017-07-21T10:13:33+08:00 ] ::1 /bus/member/index
INFO: [ app_init ] --START--
INFO: Run Behavior\BuildLiteBehavior [ RunTime:0.000000s ]
INFO: Run Common\Behavior\InitHookBehavior [ RunTime:0.001000s ]
INFO: [ app_init ] --END-- [ RunTime:0.001000s ]
INFO: [ app_begin ] --START--
INFO: Run Behavior\ReadHtmlCacheBehavior [ RunTime:0.001001s ]
INFO: [ app_begin ] --END-- [ RunTime:0.001001s ]
SQL: SHOW COLUMNS FROM `bus_config` [ RunTime:0.0030s ]
SQL: SELECT `type`,`name`,`value` FROM `bus_config` WHERE `status` = 1  [ RunTime:0.0010s ]
NOTIC: [2] Missing argument 5 for json_api(), called in D:\phpStudy\WWW\bus\Application\Home\Controller\MemberController.class.php on line 30 and defined D:\phpStudy\WWW\bus\Application\Common\Common\function.php 第 1125 行.
SQL: SHOW COLUMNS FROM `bus_home_member` [ RunTime:0.0030s ]
SQL: SELECT * FROM `bus_home_member` WHERE `id` = 0 LIMIT 1   [ RunTime:0.0000s ]
INFO: [ app_end ] --START--
INFO: Run Behavior\ShowPageTraceBehavior [ RunTime:0.001000s ]
INFO: [ app_end ] --END-- [ RunTime:0.001000s ]

[ 2017-07-21T10:14:55+08:00 ] ::1 /bus/member/index
INFO: [ app_init ] --START--
INFO: Run Behavior\BuildLiteBehavior [ RunTime:0.000000s ]
INFO: Run Common\Behavior\InitHookBehavior [ RunTime:0.002000s ]
INFO: [ app_init ] --END-- [ RunTime:0.002000s ]
INFO: [ app_begin ] --START--
INFO: Run Behavior\ReadHtmlCacheBehavior [ RunTime:0.001000s ]
INFO: [ app_begin ] --END-- [ RunTime:0.001000s ]
SQL: SHOW COLUMNS FROM `bus_config` [ RunTime:0.0020s ]
SQL: SELECT `type`,`name`,`value` FROM `bus_config` WHERE `status` = 1  [ RunTime:0.0010s ]
NOTIC: [2] Missing argument 5 for json_api(), called in D:\phpStudy\WWW\bus\Application\Home\Controller\MemberController.class.php on line 30 and defined D:\phpStudy\WWW\bus\Application\Common\Common\function.php 第 1125 行.
SQL: SHOW COLUMNS FROM `bus_home_member` [ RunTime:0.0030s ]
SQL: SELECT * FROM `bus_home_member` WHERE `id` = 0 LIMIT 1   [ RunTime:0.0000s ]
NOTIC: [8] Undefined variable: code D:\phpStudy\WWW\bus\Application\Common\Common\function.php 第 1144 行.
INFO: [ app_end ] --START--
INFO: Run Behavior\ShowPageTraceBehavior [ RunTime:0.000000s ]
INFO: [ app_end ] --END-- [ RunTime:0.001000s ]

[ 2017-07-21T10:14:55+08:00 ] ::1 /bus/member/index
INFO: [ app_init ] --START--
INFO: Run Behavior\BuildLiteBehavior [ RunTime:0.000000s ]
INFO: Run Common\Behavior\InitHookBehavior [ RunTime:0.001000s ]
INFO: [ app_init ] --END-- [ RunTime:0.002000s ]
INFO: [ app_begin ] --START--
INFO: Run Behavior\ReadHtmlCacheBehavior [ RunTime:0.001000s ]
INFO: [ app_begin ] --END-- [ RunTime:0.001000s ]
SQL: SHOW COLUMNS FROM `bus_config` [ RunTime:0.0030s ]
SQL: SELECT `type`,`name`,`value` FROM `bus_config` WHERE `status` = 1  [ RunTime:0.0000s ]
NOTIC: [2] Missing argument 5 for json_api(), called in D:\phpStudy\WWW\bus\Application\Home\Controller\MemberController.class.php on line 30 and defined D:\phpStudy\WWW\bus\Application\Common\Common\function.php 第 1125 行.
SQL: SHOW COLUMNS FROM `bus_home_member` [ RunTime:0.0020s ]
SQL: SELECT * FROM `bus_home_member` WHERE `id` = 0 LIMIT 1   [ RunTime:0.0000s ]
NOTIC: [8] Undefined variable: code D:\phpStudy\WWW\bus\Application\Common\Common\function.php 第 1144 行.
INFO: [ app_end ] --START--
INFO: Run Behavior\ShowPageTraceBehavior [ RunTime:0.001000s ]
INFO: [ app_end ] --END-- [ RunTime:0.001000s ]

[ 2017-07-21T10:14:56+08:00 ] ::1 /bus/member/index
INFO: [ app_init ] --START--
INFO: Run Behavior\BuildLiteBehavior [ RunTime:0.000000s ]
INFO: Run Common\Behavior\InitHookBehavior [ RunTime:0.002000s ]
INFO: [ app_init ] --END-- [ RunTime:0.002000s ]
INFO: [ app_begin ] --START--
INFO: Run Behavior\ReadHtmlCacheBehavior [ RunTime:0.000000s ]
INFO: [ app_begin ] --END-- [ RunTime:0.000000s ]
SQL: SHOW COLUMNS FROM `bus_config` [ RunTime:0.0020s ]
SQL: SELECT `type`,`name`,`value` FROM `bus_config` WHERE `status` = 1  [ RunTime:0.0000s ]
NOTIC: [2] Missing argument 5 for json_api(), called in D:\phpStudy\WWW\bus\Application\Home\Controller\MemberController.class.php on line 30 and defined D:\phpStudy\WWW\bus\Application\Common\Common\function.php 第 1125 行.
SQL: SHOW COLUMNS FROM `bus_home_member` [ RunTime:0.0020s ]
SQL: SELECT * FROM `bus_home_member` WHERE `id` = 0 LIMIT 1   [ RunTime:0.0010s ]
NOTIC: [8] Undefined variable: code D:\phpStudy\WWW\bus\Application\Common\Common\function.php 第 1144 行.
INFO: [ app_end ] --START--
INFO: Run Behavior\ShowPageTraceBehavior [ RunTime:0.000000s ]
INFO: [ app_end ] --END-- [ RunTime:0.000000s ]

[ 2017-07-21T10:14:56+08:00 ] ::1 /bus/member/index
INFO: [ app_init ] --START--
INFO: Run Behavior\BuildLiteBehavior [ RunTime:0.000000s ]
INFO: Run Common\Behavior\InitHookBehavior [ RunTime:0.002000s ]
INFO: [ app_init ] --END-- [ RunTime:0.002000s ]
INFO: [ app_begin ] --START--
INFO: Run Behavior\ReadHtmlCacheBehavior [ RunTime:0.000000s ]
INFO: [ app_begin ] --END-- [ RunTime:0.000000s ]
SQL: SHOW COLUMNS FROM `bus_config` [ RunTime:0.0030s ]
SQL: SELECT `type`,`name`,`value` FROM `bus_config` WHERE `status` = 1  [ RunTime:0.0000s ]
NOTIC: [2] Missing argument 5 for json_api(), called in D:\phpStudy\WWW\bus\Application\Home\Controller\MemberController.class.php on line 30 and defined D:\phpStudy\WWW\bus\Application\Common\Common\function.php 第 1125 行.
SQL: SHOW COLUMNS FROM `bus_home_member` [ RunTime:0.0020s ]
SQL: SELECT * FROM `bus_home_member` WHERE `id` = 0 LIMIT 1   [ RunTime:0.0000s ]
NOTIC: [8] Undefined variable: code D:\phpStudy\WWW\bus\Application\Common\Common\function.php 第 1144 行.
INFO: [ app_end ] --START--
INFO: Run Behavior\ShowPageTraceBehavior [ RunTime:0.001000s ]
INFO: [ app_end ] --END-- [ RunTime:0.001000s ]

[ 2017-07-21T10:14:56+08:00 ] ::1 /bus/member/index
INFO: [ app_init ] --START--
INFO: Run Behavior\BuildLiteBehavior [ RunTime:0.000000s ]
INFO: Run Common\Behavior\InitHookBehavior [ RunTime:0.001001s ]
INFO: [ app_init ] --END-- [ RunTime:0.001001s ]
INFO: [ app_begin ] --START--
INFO: Run Behavior\ReadHtmlCacheBehavior [ RunTime:0.001000s ]
INFO: [ app_begin ] --END-- [ RunTime:0.001000s ]
SQL: SHOW COLUMNS FROM `bus_config` [ RunTime:0.0040s ]
SQL: SELECT `type`,`name`,`value` FROM `bus_config` WHERE `status` = 1  [ RunTime:0.0010s ]
NOTIC: [2] Missing argument 5 for json_api(), called in D:\phpStudy\WWW\bus\Application\Home\Controller\MemberController.class.php on line 30 and defined D:\phpStudy\WWW\bus\Application\Common\Common\function.php 第 1125 行.
SQL: SHOW COLUMNS FROM `bus_home_member` [ RunTime:0.0030s ]
SQL: SELECT * FROM `bus_home_member` WHERE `id` = 0 LIMIT 1   [ RunTime:0.0000s ]
NOTIC: [8] Undefined variable: code D:\phpStudy\WWW\bus\Application\Common\Common\function.php 第 1144 行.
INFO: [ app_end ] --START--
INFO: Run Behavior\ShowPageTraceBehavior [ RunTime:0.001000s ]
INFO: [ app_end ] --END-- [ RunTime:0.001000s ]

[ 2017-07-21T10:15:14+08:00 ] ::1 /bus/member/index
INFO: [ app_init ] --START--
INFO: Run Behavior\BuildLiteBehavior [ RunTime:0.000000s ]
INFO: Run Common\Behavior\InitHookBehavior [ RunTime:0.001000s ]
INFO: [ app_init ] --END-- [ RunTime:0.002000s ]
INFO: [ app_begin ] --START--
INFO: Run Behavior\ReadHtmlCacheBehavior [ RunTime:0.000000s ]
INFO: [ app_begin ] --END-- [ RunTime:0.000000s ]
SQL: SHOW COLUMNS FROM `bus_config` [ RunTime:0.0030s ]
SQL: SELECT `type`,`name`,`value` FROM `bus_config` WHERE `status` = 1  [ RunTime:0.0000s ]
NOTIC: [2] Missing argument 5 for json_api(), called in D:\phpStudy\WWW\bus\Application\Home\Controller\MemberController.class.php on line 30 and defined D:\phpStudy\WWW\bus\Application\Common\Common\function.php 第 1125 行.
SQL: SHOW COLUMNS FROM `bus_home_member` [ RunTime:0.0040s ]
INFO: [ app_end ] --START--
INFO: Run Behavior\ShowPageTraceBehavior [ RunTime:0.000000s ]
INFO: [ app_end ] --END-- [ RunTime:0.000000s ]

[ 2017-07-21T10:15:15+08:00 ] ::1 /bus/member/index
INFO: [ app_init ] --START--
INFO: Run Behavior\BuildLiteBehavior [ RunTime:0.000000s ]
INFO: Run Common\Behavior\InitHookBehavior [ RunTime:0.003001s ]
INFO: [ app_init ] --END-- [ RunTime:0.003001s ]
INFO: [ app_begin ] --START--
INFO: Run Behavior\ReadHtmlCacheBehavior [ RunTime:0.000000s ]
INFO: [ app_begin ] --END-- [ RunTime:0.000000s ]
SQL: SHOW COLUMNS FROM `bus_config` [ RunTime:0.0030s ]
SQL: SELECT `type`,`name`,`value` FROM `bus_config` WHERE `status` = 1  [ RunTime:0.0000s ]
NOTIC: [2] Missing argument 5 for json_api(), called in D:\phpStudy\WWW\bus\Application\Home\Controller\MemberController.class.php on line 30 and defined D:\phpStudy\WWW\bus\Application\Common\Common\function.php 第 1125 行.
SQL: SHOW COLUMNS FROM `bus_home_member` [ RunTime:0.0020s ]
INFO: [ app_end ] --START--
INFO: Run Behavior\ShowPageTraceBehavior [ RunTime:0.001001s ]
INFO: [ app_end ] --END-- [ RunTime:0.001001s ]

[ 2017-07-21T10:15:15+08:00 ] ::1 /bus/member/index
INFO: [ app_init ] --START--
INFO: Run Behavior\BuildLiteBehavior [ RunTime:0.000000s ]
INFO: Run Common\Behavior\InitHookBehavior [ RunTime:0.002000s ]
INFO: [ app_init ] --END-- [ RunTime:0.002000s ]
INFO: [ app_begin ] --START--
INFO: Run Behavior\ReadHtmlCacheBehavior [ RunTime:0.000000s ]
INFO: [ app_begin ] --END-- [ RunTime:0.000000s ]
SQL: SHOW COLUMNS FROM `bus_config` [ RunTime:0.0030s ]
SQL: SELECT `type`,`name`,`value` FROM `bus_config` WHERE `status` = 1  [ RunTime:0.0010s ]
NOTIC: [2] Missing argument 5 for json_api(), called in D:\phpStudy\WWW\bus\Application\Home\Controller\MemberController.class.php on line 30 and defined D:\phpStudy\WWW\bus\Application\Common\Common\function.php 第 1125 行.
SQL: SHOW COLUMNS FROM `bus_home_member` [ RunTime:0.0030s ]
INFO: [ app_end ] --START--
INFO: Run Behavior\ShowPageTraceBehavior [ RunTime:0.001001s ]
INFO: [ app_end ] --END-- [ RunTime:0.001001s ]

[ 2017-07-21T10:19:12+08:00 ] ::1 /bus/member/index
INFO: [ app_init ] --START--
INFO: Run Behavior\BuildLiteBehavior [ RunTime:0.000000s ]
INFO: Run Common\Behavior\InitHookBehavior [ RunTime:0.002000s ]
INFO: [ app_init ] --END-- [ RunTime:0.003000s ]
INFO: [ app_begin ] --START--
INFO: Run Behavior\ReadHtmlCacheBehavior [ RunTime:0.001000s ]
INFO: [ app_begin ] --END-- [ RunTime:0.001000s ]
SQL: SHOW COLUMNS FROM `bus_config` [ RunTime:0.0030s ]
SQL: SELECT `type`,`name`,`value` FROM `bus_config` WHERE `status` = 1  [ RunTime:0.0010s ]
NOTIC: [2] Missing argument 5 for json_api(), called in D:\phpStudy\WWW\bus\Application\Home\Controller\MemberController.class.php on line 30 and defined D:\phpStudy\WWW\bus\Application\Common\Common\function.php 第 1125 行.
SQL: SHOW COLUMNS FROM `bus_home_member` [ RunTime:0.0030s ]
INFO: [ app_end ] --START--
INFO: Run Behavior\ShowPageTraceBehavior [ RunTime:0.001001s ]
INFO: [ app_end ] --END-- [ RunTime:0.001001s ]

[ 2017-07-21T12:00:36+08:00 ] ::1 /bus/member/index
INFO: [ app_init ] --START--
INFO: Run Behavior\BuildLiteBehavior [ RunTime:0.000000s ]
INFO: Run Common\Behavior\InitHookBehavior [ RunTime:0.003000s ]
INFO: [ app_init ] --END-- [ RunTime:0.003000s ]
INFO: [ app_begin ] --START--
INFO: Run Behavior\ReadHtmlCacheBehavior [ RunTime:0.001000s ]
INFO: [ app_begin ] --END-- [ RunTime:0.001000s ]
SQL: SHOW COLUMNS FROM `bus_config` [ RunTime:0.0030s ]
SQL: SELECT `type`,`name`,`value` FROM `bus_config` WHERE `status` = 1  [ RunTime:0.0010s ]
NOTIC: [2] Missing argument 5 for json_api(), called in D:\phpStudy\WWW\bus\Application\Home\Controller\MemberController.class.php on line 30 and defined D:\phpStudy\WWW\bus\Application\Common\Common\function.php 第 1125 行.
SQL: SHOW COLUMNS FROM `bus_home_member` [ RunTime:0.0030s ]
INFO: [ app_end ] --START--
INFO: Run Behavior\ShowPageTraceBehavior [ RunTime:0.001000s ]
INFO: [ app_end ] --END-- [ RunTime:0.001000s ]

[ 2017-07-21T12:00:36+08:00 ] ::1 /bus/member/index
INFO: [ app_init ] --START--
INFO: Run Behavior\BuildLiteBehavior [ RunTime:0.000000s ]
INFO: Run Common\Behavior\InitHookBehavior [ RunTime:0.002000s ]
INFO: [ app_init ] --END-- [ RunTime:0.003000s ]
INFO: [ app_begin ] --START--
INFO: Run Behavior\ReadHtmlCacheBehavior [ RunTime:0.000000s ]
INFO: [ app_begin ] --END-- [ RunTime:0.001000s ]
SQL: SHOW COLUMNS FROM `bus_config` [ RunTime:0.0030s ]
SQL: SELECT `type`,`name`,`value` FROM `bus_config` WHERE `status` = 1  [ RunTime:0.0000s ]
NOTIC: [2] Missing argument 5 for json_api(), called in D:\phpStudy\WWW\bus\Application\Home\Controller\MemberController.class.php on line 30 and defined D:\phpStudy\WWW\bus\Application\Common\Common\function.php 第 1125 行.
SQL: SHOW COLUMNS FROM `bus_home_member` [ RunTime:0.0020s ]
INFO: [ app_end ] --START--
INFO: Run Behavior\ShowPageTraceBehavior [ RunTime:0.000000s ]
INFO: [ app_end ] --END-- [ RunTime:0.000000s ]

