[ 2017-07-03T17:53:47+08:00 ] ::1 /admin.php?s=/AuthManager/access/group_name/%E5%BC%80%E5%8F%91%E8%80%85%EF%BC%88%E8%B6%85%E7%BA%A7%E7%AE%A1%E7%90%86%E5%91%98%EF%BC%89/group_id/1.html
INFO: [ app_init ] --START--
INFO: Run Behavior\BuildLiteBehavior [ RunTime:0.000000s ]
INFO: Run Common\Behavior\InitHookBehavior [ RunTime:0.002000s ]
INFO: [ app_init ] --END-- [ RunTime:0.002000s ]
INFO: [ app_begin ] --START--
INFO: Run Behavior\ReadHtmlCacheBehavior [ RunTime:0.000000s ]
INFO: [ app_begin ] --END-- [ RunTime:0.000000s ]
SQL: SHOW COLUMNS FROM `bus_auth_group_access` [ RunTime:0.0030s ]
SQL: SELECT * FROM `bus_auth_group_access` WHERE (  uid= 8 ) LIMIT 1   [ RunTime:0.0000s ]
SQL: SHOW COLUMNS FROM `bus_auth_group` [ RunTime:0.0020s ]
SQL: SELECT `rules` FROM `bus_auth_group` WHERE (  id =1 ) LIMIT 1   [ RunTime:0.0010s ]
SQL: SHOW COLUMNS FROM `bus_menu` [ RunTime:0.0020s ]
SQL: SELECT `id`,`title`,`url` FROM `bus_menu` WHERE (  id in (2,3,4,5,15,16,17,18,19,20,21,22,23,24,25,26,27,28,29,30,31,32,33,34,35,36,37,38,39,40,41,42,43,44,45,46,47,48,49,50,51,52,53,54,55,56,57,58,59,60,61,62,63,64,65,66,67,68,69,70,71,72,73,74,75,76,80,81,82,83,84,86,87,88,89,90,91,92,93,94,95,100,102,103,106,107,108,109,110,124,195,205,206,207,208,209,210,212,213,214,215,216,218,219) and pid = 0 and hide = 0 and is_dev = 0 ) ORDER BY sort asc  [ RunTime:0.0010s ]
NOTIC: [8] Use of undefined constant IS_ROOT - assumed 'IS_ROOT' D:\phpStudy\WWW\Application\Admin\Controller\AdminController.class.php 第 273 行.
NOTIC: [8] Use of undefined constant IS_ROOT - assumed 'IS_ROOT' D:\phpStudy\WWW\Application\Admin\Controller\AdminController.class.php 第 273 行.
NOTIC: [8] Use of undefined constant IS_ROOT - assumed 'IS_ROOT' D:\phpStudy\WWW\Application\Admin\Controller\AdminController.class.php 第 273 行.
NOTIC: [8] Use of undefined constant IS_ROOT - assumed 'IS_ROOT' D:\phpStudy\WWW\Application\Admin\Controller\AdminController.class.php 第 273 行.
NOTIC: [8] Use of undefined constant IS_ROOT - assumed 'IS_ROOT' D:\phpStudy\WWW\Application\Admin\Controller\AdminController.class.php 第 273 行.
SQL: SELECT `pid` FROM `bus_menu` WHERE ( pid !=0 AND url like '%AuthManager/access%' ) LIMIT 1   [ RunTime:0.0010s ]
SQL: SELECT * FROM `bus_menu` WHERE `id` = 27 LIMIT 1   [ RunTime:0.0000s ]
SQL: SELECT * FROM `bus_menu` WHERE `id` = 16 LIMIT 1   [ RunTime:0.0000s ]
SQL: SELECT DISTINCT  `group` FROM `bus_menu` WHERE `group` <> '' AND `pid` = 16  [ RunTime:0.0000s ]
SQL: SELECT `id`,`url` FROM `bus_menu` WHERE `pid` = 16 AND `hide` = 0  [ RunTime:0.0010s ]
NOTIC: [8] Use of undefined constant IS_ROOT - assumed 'IS_ROOT' D:\phpStudy\WWW\Application\Admin\Controller\AdminController.class.php 第 306 行.
SQL: SELECT `id`,`pid`,`title`,`url`,`tip` FROM `bus_menu` WHERE `group` = '用户管理' AND `pid` = 16 AND `hide` = 0 ORDER BY sort asc  [ RunTime:0.0000s ]
SQL: SELECT `id`,`pid`,`title`,`url`,`tip` FROM `bus_menu` WHERE `group` = '行为管理' AND `pid` = 16 AND `hide` = 0 ORDER BY sort asc  [ RunTime:0.0010s ]
SQL: SELECT `title`,`url`,`tip`,`pid` FROM `bus_menu` ORDER BY sort asc  [ RunTime:0.0020s ]
SQL: SHOW COLUMNS FROM `bus_auth_rule` [ RunTime:0.0020s ]
SQL: SELECT * FROM `bus_auth_rule` WHERE `module` = 'admin' AND `type` IN ('1','2') ORDER BY name  [ RunTime:0.0030s ]
SQL: INSERT INTO `bus_auth_rule` (`name`,`title`,`module`,`type`,`status`) VALUES ('Admin/Bus/index','详细信息','admin','1','1') [ RunTime:0.0000s ]
SQL: SHOW COLUMNS FROM `bus_auth_group` [ RunTime:0.0020s ]
SQL: SELECT `id`,`id`,`title`,`rules` FROM `bus_auth_group` WHERE `status` >= '0' AND `module` = 'admin' AND `type` = 1  [ RunTime:0.0000s ]
SQL: SELECT `id`,`pid`,`title`,`url`,`tip`,`hide` FROM `bus_menu` ORDER BY sort asc  [ RunTime:0.0020s ]
SQL: SELECT `name`,`id` FROM `bus_auth_rule` WHERE `module` = 'admin' AND `type` = 2 AND `status` = 1  [ RunTime:0.0000s ]
SQL: SELECT `name`,`id` FROM `bus_auth_rule` WHERE `module` = 'admin' AND `type` = 1 AND `status` = 1  [ RunTime:0.0010s ]
INFO: [ view_parse ] --START--
INFO: [ template_filter ] --START--
INFO: Run Behavior\ContentReplaceBehavior [ RunTime:0.000000s ]
INFO: [ template_filter ] --END-- [ RunTime:0.000000s ]
INFO: Run Behavior\ParseTemplateBehavior [ RunTime:0.019001s ]
INFO: [ view_parse ] --END-- [ RunTime:0.019001s ]
INFO: [ view_filter ] --START--
INFO: Run Behavior\WriteHtmlCacheBehavior [ RunTime:0.000000s ]
INFO: [ view_filter ] --END-- [ RunTime:0.000000s ]
INFO: [ app_end ] --START--
INFO: Run Behavior\ShowPageTraceBehavior [ RunTime:0.001000s ]
INFO: [ app_end ] --END-- [ RunTime:0.001000s ]

[ 2017-07-03T17:53:51+08:00 ] ::1 /admin.php?s=/Article/index.html
INFO: [ app_init ] --START--
INFO: Run Behavior\BuildLiteBehavior [ RunTime:0.000000s ]
INFO: Run Common\Behavior\InitHookBehavior [ RunTime:0.001000s ]
INFO: [ app_init ] --END-- [ RunTime:0.002000s ]
INFO: [ app_begin ] --START--
INFO: Run Behavior\ReadHtmlCacheBehavior [ RunTime:0.000000s ]
INFO: [ app_begin ] --END-- [ RunTime:0.000000s ]
SQL: SHOW COLUMNS FROM `bus_auth_group_access` [ RunTime:0.0020s ]
SQL: SELECT * FROM `bus_auth_group_access` WHERE (  uid= 8 ) LIMIT 1   [ RunTime:0.0000s ]
SQL: SHOW COLUMNS FROM `bus_auth_group` [ RunTime:0.0020s ]
SQL: SELECT `rules` FROM `bus_auth_group` WHERE (  id =1 ) LIMIT 1   [ RunTime:0.0000s ]
SQL: SHOW COLUMNS FROM `bus_menu` [ RunTime:0.0020s ]
SQL: SELECT `id`,`title`,`url` FROM `bus_menu` WHERE (  id in (2,3,4,5,15,16,17,18,19,20,21,22,23,24,25,26,27,28,29,30,31,32,33,34,35,36,37,38,39,40,41,42,43,44,45,46,47,48,49,50,51,52,53,54,55,56,57,58,59,60,61,62,63,64,65,66,67,68,69,70,71,72,73,74,75,76,80,81,82,83,84,86,87,88,89,90,91,92,93,94,95,100,102,103,106,107,108,109,110,124,195,205,206,207,208,209,210,212,213,214,215,216,218,219) and pid = 0 and hide = 0 and is_dev = 0 ) ORDER BY sort asc  [ RunTime:0.0000s ]
NOTIC: [8] Use of undefined constant IS_ROOT - assumed 'IS_ROOT' D:\phpStudy\WWW\Application\Admin\Controller\AdminController.class.php 第 273 行.
NOTIC: [8] Use of undefined constant IS_ROOT - assumed 'IS_ROOT' D:\phpStudy\WWW\Application\Admin\Controller\AdminController.class.php 第 273 行.
NOTIC: [8] Use of undefined constant IS_ROOT - assumed 'IS_ROOT' D:\phpStudy\WWW\Application\Admin\Controller\AdminController.class.php 第 273 行.
NOTIC: [8] Use of undefined constant IS_ROOT - assumed 'IS_ROOT' D:\phpStudy\WWW\Application\Admin\Controller\AdminController.class.php 第 273 行.
NOTIC: [8] Use of undefined constant IS_ROOT - assumed 'IS_ROOT' D:\phpStudy\WWW\Application\Admin\Controller\AdminController.class.php 第 273 行.
SQL: SELECT `pid` FROM `bus_menu` WHERE ( pid !=0 AND url like '%Article/index%' ) LIMIT 1   [ RunTime:0.0010s ]
SQL: SHOW COLUMNS FROM `bus_category` [ RunTime:0.0030s ]
SQL: SELECT `id`,`title`,`pid`,`allow_publish` FROM `bus_category` WHERE `status` = 1 ORDER BY pid,sort  [ RunTime:0.0000s ]
NOTIC: [8] Use of undefined constant IS_ROOT - assumed 'IS_ROOT' D:\phpStudy\WWW\Application\Admin\Controller\ArticleController.class.php 第 75 行.
NOTIC: [8] Use of undefined constant IS_ROOT - assumed 'IS_ROOT' D:\phpStudy\WWW\Application\Admin\Controller\ArticleController.class.php 第 138 行.
NOTIC: [8] Use of undefined constant IS_ROOT - assumed 'IS_ROOT' D:\phpStudy\WWW\Application\Admin\Controller\ArticleController.class.php 第 142 行.
SQL: SHOW COLUMNS FROM `bus_model` [ RunTime:0.0020s ]
SQL: SELECT * FROM `bus_model` WHERE `name` = 'document' LIMIT 1   [ RunTime:0.0000s ]
SQL: SHOW COLUMNS FROM `bus_document` [ RunTime:0.0030s ]
SQL: SELECT COUNT(*) AS tp_count FROM bus_document DOCUMENT WHERE `status` IN ('0','1','2') AND `pid` = 0 LIMIT 1   [ RunTime:0.0000s ]
SQL: SELECT `id`,`title`,`type`,`update_time`,`status`,`view`,`category_id`,`model_id`,`pid` FROM bus_document DOCUMENT WHERE `status` IN ('0','1','2') AND `pid` = 0 ORDER BY level DESC,DOCUMENT.id DESC LIMIT 0,10   [ RunTime:0.0000s ]
SQL: SELECT `extend` FROM `bus_model` WHERE `id` = 1 LIMIT 1   [ RunTime:0.0010s ]
SQL: SHOW COLUMNS FROM `bus_attribute` [ RunTime:0.0020s ]
SQL: SELECT `id`,`name`,`type`,`extra` FROM `bus_attribute` WHERE `model_id` = 1  [ RunTime:0.0010s ]
NOTIC: [8] Undefined variable: groups D:\phpStudy\WWW\Application\Admin\Controller\ArticleController.class.php 第 230 行.
INFO: [ view_parse ] --START--
INFO: [ template_filter ] --START--
INFO: Run Behavior\ContentReplaceBehavior [ RunTime:0.000000s ]
INFO: [ template_filter ] --END-- [ RunTime:0.000000s ]
NOTIC: [8] Undefined index: _child D:\phpStudy\WWW\Runtime\Cache\Admin\7a4184ffe8f804b12b2e7f8851dd8f7d.php 第 77 行.
INFO: Run Behavior\ParseTemplateBehavior [ RunTime:0.032002s ]
INFO: [ view_parse ] --END-- [ RunTime:0.032002s ]
INFO: [ view_filter ] --START--
INFO: Run Behavior\WriteHtmlCacheBehavior [ RunTime:0.001000s ]
INFO: [ view_filter ] --END-- [ RunTime:0.001000s ]
INFO: [ app_end ] --START--
INFO: Run Behavior\ShowPageTraceBehavior [ RunTime:0.000000s ]
INFO: [ app_end ] --END-- [ RunTime:0.000000s ]

[ 2017-07-03T17:53:52+08:00 ] ::1 /admin.php?s=/User/index.html
INFO: [ app_init ] --START--
INFO: Run Behavior\BuildLiteBehavior [ RunTime:0.000000s ]
INFO: Run Common\Behavior\InitHookBehavior [ RunTime:0.001000s ]
INFO: [ app_init ] --END-- [ RunTime:0.002000s ]
INFO: [ app_begin ] --START--
INFO: Run Behavior\ReadHtmlCacheBehavior [ RunTime:0.001000s ]
INFO: [ app_begin ] --END-- [ RunTime:0.001000s ]
SQL: SHOW COLUMNS FROM `bus_auth_group_access` [ RunTime:0.0020s ]
SQL: SELECT * FROM `bus_auth_group_access` WHERE (  uid= 8 ) LIMIT 1   [ RunTime:0.0010s ]
SQL: SHOW COLUMNS FROM `bus_auth_group` [ RunTime:0.0020s ]
SQL: SELECT `rules` FROM `bus_auth_group` WHERE (  id =1 ) LIMIT 1   [ RunTime:0.0000s ]
SQL: SHOW COLUMNS FROM `bus_menu` [ RunTime:0.0020s ]
SQL: SELECT `id`,`title`,`url` FROM `bus_menu` WHERE (  id in (2,3,4,5,15,16,17,18,19,20,21,22,23,24,25,26,27,28,29,30,31,32,33,34,35,36,37,38,39,40,41,42,43,44,45,46,47,48,49,50,51,52,53,54,55,56,57,58,59,60,61,62,63,64,65,66,67,68,69,70,71,72,73,74,75,76,80,81,82,83,84,86,87,88,89,90,91,92,93,94,95,100,102,103,106,107,108,109,110,124,195,205,206,207,208,209,210,212,213,214,215,216,218,219) and pid = 0 and hide = 0 and is_dev = 0 ) ORDER BY sort asc  [ RunTime:0.0000s ]
NOTIC: [8] Use of undefined constant IS_ROOT - assumed 'IS_ROOT' D:\phpStudy\WWW\Application\Admin\Controller\AdminController.class.php 第 273 行.
NOTIC: [8] Use of undefined constant IS_ROOT - assumed 'IS_ROOT' D:\phpStudy\WWW\Application\Admin\Controller\AdminController.class.php 第 273 行.
NOTIC: [8] Use of undefined constant IS_ROOT - assumed 'IS_ROOT' D:\phpStudy\WWW\Application\Admin\Controller\AdminController.class.php 第 273 行.
NOTIC: [8] Use of undefined constant IS_ROOT - assumed 'IS_ROOT' D:\phpStudy\WWW\Application\Admin\Controller\AdminController.class.php 第 273 行.
NOTIC: [8] Use of undefined constant IS_ROOT - assumed 'IS_ROOT' D:\phpStudy\WWW\Application\Admin\Controller\AdminController.class.php 第 273 行.
SQL: SELECT `pid` FROM `bus_menu` WHERE ( pid !=0 AND url like '%User/index%' ) LIMIT 1   [ RunTime:0.0010s ]
SQL: SELECT * FROM `bus_menu` WHERE `id` = 16 LIMIT 1   [ RunTime:0.0000s ]
SQL: SELECT DISTINCT  `group` FROM `bus_menu` WHERE `group` <> '' AND `pid` = 16  [ RunTime:0.0010s ]
SQL: SELECT `id`,`url` FROM `bus_menu` WHERE `pid` = 16 AND `hide` = 0  [ RunTime:0.0000s ]
NOTIC: [8] Use of undefined constant IS_ROOT - assumed 'IS_ROOT' D:\phpStudy\WWW\Application\Admin\Controller\AdminController.class.php 第 306 行.
SQL: SELECT `id`,`pid`,`title`,`url`,`tip` FROM `bus_menu` WHERE `group` = '用户管理' AND `pid` = 16 AND `hide` = 0 ORDER BY sort asc  [ RunTime:0.0010s ]
SQL: SELECT `id`,`pid`,`title`,`url`,`tip` FROM `bus_menu` WHERE `group` = '行为管理' AND `pid` = 16 AND `hide` = 0 ORDER BY sort asc  [ RunTime:0.0000s ]
SQL: SHOW COLUMNS FROM `bus_member` [ RunTime:0.0030s ]
SQL: SELECT COUNT(*) AS tp_count FROM `bus_member` WHERE `status` >= 0 AND `nickname` LIKE '%%' LIMIT 1   [ RunTime:0.0000s ]
SQL: SELECT `uid`,`nickname`,`sex`,`birthday`,`qq`,`score`,`login`,`reg_ip`,`reg_time`,`last_login_ip`,`last_login_time`,`status` FROM `bus_member` WHERE `status` >= 0 AND `nickname` LIKE '%%' ORDER BY uid desc LIMIT 0,10   [ RunTime:0.0010s ]
INFO: [ view_parse ] --START--
INFO: [ template_filter ] --START--
INFO: Run Behavior\ContentReplaceBehavior [ RunTime:0.000000s ]
INFO: [ template_filter ] --END-- [ RunTime:0.001000s ]
INFO: Run Behavior\ParseTemplateBehavior [ RunTime:0.016001s ]
INFO: [ view_parse ] --END-- [ RunTime:0.016001s ]
INFO: [ view_filter ] --START--
INFO: Run Behavior\WriteHtmlCacheBehavior [ RunTime:0.001000s ]
INFO: [ view_filter ] --END-- [ RunTime:0.001000s ]
INFO: [ app_end ] --START--
INFO: Run Behavior\ShowPageTraceBehavior [ RunTime:0.001000s ]
INFO: [ app_end ] --END-- [ RunTime:0.001000s ]

[ 2017-07-03T17:53:56+08:00 ] ::1 /admin.php?s=/Bus/index.html
INFO: [ app_init ] --START--
INFO: Run Behavior\BuildLiteBehavior [ RunTime:0.000000s ]
INFO: Run Common\Behavior\InitHookBehavior [ RunTime:0.001000s ]
INFO: [ app_init ] --END-- [ RunTime:0.001000s ]
INFO: [ app_begin ] --START--
INFO: Run Behavior\ReadHtmlCacheBehavior [ RunTime:0.000000s ]
INFO: [ app_begin ] --END-- [ RunTime:0.000000s ]
SQL: SHOW COLUMNS FROM `bus_auth_group_access` [ RunTime:0.0020s ]
SQL: SELECT * FROM `bus_auth_group_access` WHERE (  uid= 8 ) LIMIT 1   [ RunTime:0.0000s ]
SQL: SHOW COLUMNS FROM `bus_auth_group` [ RunTime:0.0020s ]
SQL: SELECT `rules` FROM `bus_auth_group` WHERE (  id =1 ) LIMIT 1   [ RunTime:0.0000s ]
SQL: SHOW COLUMNS FROM `bus_menu` [ RunTime:0.0020s ]
SQL: SELECT `id`,`title`,`url` FROM `bus_menu` WHERE (  id in (2,3,4,5,15,16,17,18,19,20,21,22,23,24,25,26,27,28,29,30,31,32,33,34,35,36,37,38,39,40,41,42,43,44,45,46,47,48,49,50,51,52,53,54,55,56,57,58,59,60,61,62,63,64,65,66,67,68,69,70,71,72,73,74,75,76,80,81,82,83,84,86,87,88,89,90,91,92,93,94,95,100,102,103,106,107,108,109,110,124,195,205,206,207,208,209,210,212,213,214,215,216,218,219) and pid = 0 and hide = 0 and is_dev = 0 ) ORDER BY sort asc  [ RunTime:0.0000s ]
NOTIC: [8] Use of undefined constant IS_ROOT - assumed 'IS_ROOT' D:\phpStudy\WWW\Application\Admin\Controller\AdminController.class.php 第 273 行.
NOTIC: [8] Use of undefined constant IS_ROOT - assumed 'IS_ROOT' D:\phpStudy\WWW\Application\Admin\Controller\AdminController.class.php 第 273 行.
NOTIC: [8] Use of undefined constant IS_ROOT - assumed 'IS_ROOT' D:\phpStudy\WWW\Application\Admin\Controller\AdminController.class.php 第 273 行.
NOTIC: [8] Use of undefined constant IS_ROOT - assumed 'IS_ROOT' D:\phpStudy\WWW\Application\Admin\Controller\AdminController.class.php 第 273 行.
NOTIC: [8] Use of undefined constant IS_ROOT - assumed 'IS_ROOT' D:\phpStudy\WWW\Application\Admin\Controller\AdminController.class.php 第 273 行.
SQL: SELECT `pid` FROM `bus_menu` WHERE ( pid !=0 AND url like '%Bus/index%' ) LIMIT 1   [ RunTime:0.0010s ]
SQL: SELECT * FROM `bus_menu` WHERE `id` = 124 LIMIT 1   [ RunTime:0.0000s ]
SQL: SELECT DISTINCT  `group` FROM `bus_menu` WHERE `group` <> '' AND `pid` = 124  [ RunTime:0.0000s ]
SQL: SELECT `id`,`url` FROM `bus_menu` WHERE `pid` = 124 AND `hide` = 0  [ RunTime:0.0000s ]
NOTIC: [8] Use of undefined constant IS_ROOT - assumed 'IS_ROOT' D:\phpStudy\WWW\Application\Admin\Controller\AdminController.class.php 第 306 行.
NOTIC: [2] Invalid argument supplied for foreach() D:\phpStudy\WWW\Application\Admin\Controller\AdminController.class.php 第 320 行.
INFO: [ view_parse ] --START--
INFO: [ template_filter ] --START--
INFO: Run Behavior\ContentReplaceBehavior [ RunTime:0.000000s ]
INFO: [ template_filter ] --END-- [ RunTime:0.000000s ]
NOTIC: [8] Undefined variable: meta_title D:\phpStudy\WWW\Runtime\Cache\Admin\aa283c179cfa02cc491ec611b5e9643e.php 第 5 行.
NOTIC: [8] Undefined variable: model_id D:\phpStudy\WWW\Runtime\Cache\Admin\aa283c179cfa02cc491ec611b5e9643e.php 第 95 行.
NOTIC: [8] Undefined variable: _page D:\phpStudy\WWW\Runtime\Cache\Admin\aa283c179cfa02cc491ec611b5e9643e.php 第 123 行.
INFO: Run Behavior\ParseTemplateBehavior [ RunTime:0.014000s ]
INFO: [ view_parse ] --END-- [ RunTime:0.014000s ]
INFO: [ view_filter ] --START--
INFO: Run Behavior\WriteHtmlCacheBehavior [ RunTime:0.000000s ]
INFO: [ view_filter ] --END-- [ RunTime:0.000000s ]
INFO: [ app_end ] --START--
INFO: Run Behavior\ShowPageTraceBehavior [ RunTime:0.001001s ]
INFO: [ app_end ] --END-- [ RunTime:0.001001s ]

[ 2017-07-03T17:54:40+08:00 ] ::1 /admin.php?s=/Article/index.html
INFO: [ app_init ] --START--
INFO: Run Behavior\BuildLiteBehavior [ RunTime:0.000000s ]
INFO: Run Common\Behavior\InitHookBehavior [ RunTime:0.002000s ]
INFO: [ app_init ] --END-- [ RunTime:0.002000s ]
INFO: [ app_begin ] --START--
INFO: Run Behavior\ReadHtmlCacheBehavior [ RunTime:0.000000s ]
INFO: [ app_begin ] --END-- [ RunTime:0.000000s ]
SQL: SHOW COLUMNS FROM `bus_auth_group_access` [ RunTime:0.0020s ]
SQL: SELECT * FROM `bus_auth_group_access` WHERE (  uid= 8 ) LIMIT 1   [ RunTime:0.0000s ]
SQL: SHOW COLUMNS FROM `bus_auth_group` [ RunTime:0.0020s ]
SQL: SELECT `rules` FROM `bus_auth_group` WHERE (  id =1 ) LIMIT 1   [ RunTime:0.0010s ]
SQL: SHOW COLUMNS FROM `bus_menu` [ RunTime:0.0020s ]
SQL: SELECT `id`,`title`,`url` FROM `bus_menu` WHERE (  id in (2,3,4,5,15,16,17,18,19,20,21,22,23,24,25,26,27,28,29,30,31,32,33,34,35,36,37,38,39,40,41,42,43,44,45,46,47,48,49,50,51,52,53,54,55,56,57,58,59,60,61,62,63,64,65,66,67,68,69,70,71,72,73,74,75,76,80,81,82,83,84,86,87,88,89,90,91,92,93,94,95,100,102,103,106,107,108,109,110,124,195,205,206,207,208,209,210,212,213,214,215,216,218,219) and pid = 0 and hide = 0 and is_dev = 0 ) ORDER BY sort asc  [ RunTime:0.0010s ]
NOTIC: [8] Use of undefined constant IS_ROOT - assumed 'IS_ROOT' D:\phpStudy\WWW\Application\Admin\Controller\AdminController.class.php 第 273 行.
NOTIC: [8] Use of undefined constant IS_ROOT - assumed 'IS_ROOT' D:\phpStudy\WWW\Application\Admin\Controller\AdminController.class.php 第 273 行.
NOTIC: [8] Use of undefined constant IS_ROOT - assumed 'IS_ROOT' D:\phpStudy\WWW\Application\Admin\Controller\AdminController.class.php 第 273 行.
NOTIC: [8] Use of undefined constant IS_ROOT - assumed 'IS_ROOT' D:\phpStudy\WWW\Application\Admin\Controller\AdminController.class.php 第 273 行.
NOTIC: [8] Use of undefined constant IS_ROOT - assumed 'IS_ROOT' D:\phpStudy\WWW\Application\Admin\Controller\AdminController.class.php 第 273 行.
SQL: SELECT `pid` FROM `bus_menu` WHERE ( pid !=0 AND url like '%Article/index%' ) LIMIT 1   [ RunTime:0.0010s ]
SQL: SHOW COLUMNS FROM `bus_category` [ RunTime:0.0020s ]
SQL: SELECT `id`,`title`,`pid`,`allow_publish` FROM `bus_category` WHERE `status` = 1 ORDER BY pid,sort  [ RunTime:0.0000s ]
NOTIC: [8] Use of undefined constant IS_ROOT - assumed 'IS_ROOT' D:\phpStudy\WWW\Application\Admin\Controller\ArticleController.class.php 第 75 行.
NOTIC: [8] Use of undefined constant IS_ROOT - assumed 'IS_ROOT' D:\phpStudy\WWW\Application\Admin\Controller\ArticleController.class.php 第 138 行.
NOTIC: [8] Use of undefined constant IS_ROOT - assumed 'IS_ROOT' D:\phpStudy\WWW\Application\Admin\Controller\ArticleController.class.php 第 142 行.
SQL: SHOW COLUMNS FROM `bus_model` [ RunTime:0.0030s ]
SQL: SELECT * FROM `bus_model` WHERE `name` = 'document' LIMIT 1   [ RunTime:0.0000s ]
SQL: SHOW COLUMNS FROM `bus_document` [ RunTime:0.0030s ]
SQL: SELECT COUNT(*) AS tp_count FROM bus_document DOCUMENT WHERE `status` IN ('0','1','2') AND `pid` = 0 LIMIT 1   [ RunTime:0.0000s ]
SQL: SELECT `id`,`title`,`type`,`update_time`,`status`,`view`,`category_id`,`model_id`,`pid` FROM bus_document DOCUMENT WHERE `status` IN ('0','1','2') AND `pid` = 0 ORDER BY level DESC,DOCUMENT.id DESC LIMIT 0,10   [ RunTime:0.0000s ]
SQL: SELECT `extend` FROM `bus_model` WHERE `id` = 1 LIMIT 1   [ RunTime:0.0010s ]
SQL: SHOW COLUMNS FROM `bus_attribute` [ RunTime:0.0020s ]
SQL: SELECT `id`,`name`,`type`,`extra` FROM `bus_attribute` WHERE `model_id` = 1  [ RunTime:0.0010s ]
NOTIC: [8] Undefined variable: groups D:\phpStudy\WWW\Application\Admin\Controller\ArticleController.class.php 第 230 行.
INFO: [ view_parse ] --START--
INFO: [ template_filter ] --START--
INFO: Run Behavior\ContentReplaceBehavior [ RunTime:0.001000s ]
INFO: [ template_filter ] --END-- [ RunTime:0.001000s ]
NOTIC: [8] Undefined index: _child D:\phpStudy\WWW\Runtime\Cache\Admin\7a4184ffe8f804b12b2e7f8851dd8f7d.php 第 77 行.
INFO: Run Behavior\ParseTemplateBehavior [ RunTime:0.031002s ]
INFO: [ view_parse ] --END-- [ RunTime:0.031002s ]
INFO: [ view_filter ] --START--
INFO: Run Behavior\WriteHtmlCacheBehavior [ RunTime:0.000000s ]
INFO: [ view_filter ] --END-- [ RunTime:0.000000s ]
INFO: [ app_end ] --START--
INFO: Run Behavior\ShowPageTraceBehavior [ RunTime:0.000000s ]
INFO: [ app_end ] --END-- [ RunTime:0.000000s ]

[ 2017-07-03T17:54:55+08:00 ] ::1 /admin.php?s=/User/index.html
INFO: [ app_init ] --START--
INFO: Run Behavior\BuildLiteBehavior [ RunTime:0.000000s ]
INFO: Run Common\Behavior\InitHookBehavior [ RunTime:0.001000s ]
INFO: [ app_init ] --END-- [ RunTime:0.001000s ]
INFO: [ app_begin ] --START--
INFO: Run Behavior\ReadHtmlCacheBehavior [ RunTime:0.000000s ]
INFO: [ app_begin ] --END-- [ RunTime:0.000000s ]
SQL: SHOW COLUMNS FROM `bus_auth_group_access` [ RunTime:0.0020s ]
SQL: SELECT * FROM `bus_auth_group_access` WHERE (  uid= 8 ) LIMIT 1   [ RunTime:0.0000s ]
SQL: SHOW COLUMNS FROM `bus_auth_group` [ RunTime:0.0030s ]
SQL: SELECT `rules` FROM `bus_auth_group` WHERE (  id =1 ) LIMIT 1   [ RunTime:0.0000s ]
SQL: SHOW COLUMNS FROM `bus_menu` [ RunTime:0.0020s ]
SQL: SELECT `id`,`title`,`url` FROM `bus_menu` WHERE (  id in (2,3,4,5,15,16,17,18,19,20,21,22,23,24,25,26,27,28,29,30,31,32,33,34,35,36,37,38,39,40,41,42,43,44,45,46,47,48,49,50,51,52,53,54,55,56,57,58,59,60,61,62,63,64,65,66,67,68,69,70,71,72,73,74,75,76,80,81,82,83,84,86,87,88,89,90,91,92,93,94,95,100,102,103,106,107,108,109,110,124,195,205,206,207,208,209,210,212,213,214,215,216,218,219) and pid = 0 and hide = 0 and is_dev = 0 ) ORDER BY sort asc  [ RunTime:0.0000s ]
NOTIC: [8] Use of undefined constant IS_ROOT - assumed 'IS_ROOT' D:\phpStudy\WWW\Application\Admin\Controller\AdminController.class.php 第 273 行.
NOTIC: [8] Use of undefined constant IS_ROOT - assumed 'IS_ROOT' D:\phpStudy\WWW\Application\Admin\Controller\AdminController.class.php 第 273 行.
NOTIC: [8] Use of undefined constant IS_ROOT - assumed 'IS_ROOT' D:\phpStudy\WWW\Application\Admin\Controller\AdminController.class.php 第 273 行.
NOTIC: [8] Use of undefined constant IS_ROOT - assumed 'IS_ROOT' D:\phpStudy\WWW\Application\Admin\Controller\AdminController.class.php 第 273 行.
NOTIC: [8] Use of undefined constant IS_ROOT - assumed 'IS_ROOT' D:\phpStudy\WWW\Application\Admin\Controller\AdminController.class.php 第 273 行.
SQL: SELECT `pid` FROM `bus_menu` WHERE ( pid !=0 AND url like '%User/index%' ) LIMIT 1   [ RunTime:0.0010s ]
SQL: SELECT * FROM `bus_menu` WHERE `id` = 16 LIMIT 1   [ RunTime:0.0000s ]
SQL: SELECT DISTINCT  `group` FROM `bus_menu` WHERE `group` <> '' AND `pid` = 16  [ RunTime:0.0000s ]
SQL: SELECT `id`,`url` FROM `bus_menu` WHERE `pid` = 16 AND `hide` = 0  [ RunTime:0.0000s ]
NOTIC: [8] Use of undefined constant IS_ROOT - assumed 'IS_ROOT' D:\phpStudy\WWW\Application\Admin\Controller\AdminController.class.php 第 306 行.
SQL: SELECT `id`,`pid`,`title`,`url`,`tip` FROM `bus_menu` WHERE `group` = '用户管理' AND `pid` = 16 AND `hide` = 0 ORDER BY sort asc  [ RunTime:0.0000s ]
SQL: SELECT `id`,`pid`,`title`,`url`,`tip` FROM `bus_menu` WHERE `group` = '行为管理' AND `pid` = 16 AND `hide` = 0 ORDER BY sort asc  [ RunTime:0.0000s ]
SQL: SHOW COLUMNS FROM `bus_member` [ RunTime:0.0020s ]
SQL: SELECT COUNT(*) AS tp_count FROM `bus_member` WHERE `status` >= 0 AND `nickname` LIKE '%%' LIMIT 1   [ RunTime:0.0010s ]
SQL: SELECT `uid`,`nickname`,`sex`,`birthday`,`qq`,`score`,`login`,`reg_ip`,`reg_time`,`last_login_ip`,`last_login_time`,`status` FROM `bus_member` WHERE `status` >= 0 AND `nickname` LIKE '%%' ORDER BY uid desc LIMIT 0,10   [ RunTime:0.0010s ]
INFO: [ view_parse ] --START--
INFO: [ template_filter ] --START--
INFO: Run Behavior\ContentReplaceBehavior [ RunTime:0.000000s ]
INFO: [ template_filter ] --END-- [ RunTime:0.000000s ]
INFO: Run Behavior\ParseTemplateBehavior [ RunTime:0.018001s ]
INFO: [ view_parse ] --END-- [ RunTime:0.018001s ]
INFO: [ view_filter ] --START--
INFO: Run Behavior\WriteHtmlCacheBehavior [ RunTime:0.000000s ]
INFO: [ view_filter ] --END-- [ RunTime:0.000000s ]
INFO: [ app_end ] --START--
INFO: Run Behavior\ShowPageTraceBehavior [ RunTime:0.001000s ]
INFO: [ app_end ] --END-- [ RunTime:0.001000s ]

[ 2017-07-03T17:55:05+08:00 ] ::1 /admin.php?s=/Config/group.html
INFO: [ app_init ] --START--
INFO: Run Behavior\BuildLiteBehavior [ RunTime:0.000000s ]
INFO: Run Common\Behavior\InitHookBehavior [ RunTime:0.002000s ]
INFO: [ app_init ] --END-- [ RunTime:0.002000s ]
INFO: [ app_begin ] --START--
INFO: Run Behavior\ReadHtmlCacheBehavior [ RunTime:0.000000s ]
INFO: [ app_begin ] --END-- [ RunTime:0.000000s ]
SQL: SHOW COLUMNS FROM `bus_auth_group_access` [ RunTime:0.0020s ]
SQL: SELECT * FROM `bus_auth_group_access` WHERE (  uid= 8 ) LIMIT 1   [ RunTime:0.0000s ]
SQL: SHOW COLUMNS FROM `bus_auth_group` [ RunTime:0.0020s ]
SQL: SELECT `rules` FROM `bus_auth_group` WHERE (  id =1 ) LIMIT 1   [ RunTime:0.0010s ]
SQL: SHOW COLUMNS FROM `bus_menu` [ RunTime:0.0020s ]
SQL: SELECT `id`,`title`,`url` FROM `bus_menu` WHERE (  id in (2,3,4,5,15,16,17,18,19,20,21,22,23,24,25,26,27,28,29,30,31,32,33,34,35,36,37,38,39,40,41,42,43,44,45,46,47,48,49,50,51,52,53,54,55,56,57,58,59,60,61,62,63,64,65,66,67,68,69,70,71,72,73,74,75,76,80,81,82,83,84,86,87,88,89,90,91,92,93,94,95,100,102,103,106,107,108,109,110,124,195,205,206,207,208,209,210,212,213,214,215,216,218,219) and pid = 0 and hide = 0 and is_dev = 0 ) ORDER BY sort asc  [ RunTime:0.0010s ]
NOTIC: [8] Use of undefined constant IS_ROOT - assumed 'IS_ROOT' D:\phpStudy\WWW\Application\Admin\Controller\AdminController.class.php 第 273 行.
NOTIC: [8] Use of undefined constant IS_ROOT - assumed 'IS_ROOT' D:\phpStudy\WWW\Application\Admin\Controller\AdminController.class.php 第 273 行.
NOTIC: [8] Use of undefined constant IS_ROOT - assumed 'IS_ROOT' D:\phpStudy\WWW\Application\Admin\Controller\AdminController.class.php 第 273 行.
NOTIC: [8] Use of undefined constant IS_ROOT - assumed 'IS_ROOT' D:\phpStudy\WWW\Application\Admin\Controller\AdminController.class.php 第 273 行.
NOTIC: [8] Use of undefined constant IS_ROOT - assumed 'IS_ROOT' D:\phpStudy\WWW\Application\Admin\Controller\AdminController.class.php 第 273 行.
SQL: SELECT `pid` FROM `bus_menu` WHERE ( pid !=0 AND url like '%Config/group%' ) LIMIT 1   [ RunTime:0.0010s ]
SQL: SELECT * FROM `bus_menu` WHERE `id` = 68 LIMIT 1   [ RunTime:0.0000s ]
SQL: SELECT DISTINCT  `group` FROM `bus_menu` WHERE `group` <> '' AND `pid` = 68  [ RunTime:0.0010s ]
SQL: SELECT `id`,`url` FROM `bus_menu` WHERE `pid` = 68 AND `hide` = 0  [ RunTime:0.0000s ]
NOTIC: [8] Use of undefined constant IS_ROOT - assumed 'IS_ROOT' D:\phpStudy\WWW\Application\Admin\Controller\AdminController.class.php 第 306 行.
SQL: SELECT `id`,`pid`,`title`,`url`,`tip` FROM `bus_menu` WHERE `group` = '系统设置' AND `pid` = 68 AND `hide` = 0 ORDER BY sort asc  [ RunTime:0.0010s ]
SQL: SELECT `id`,`pid`,`title`,`url`,`tip` FROM `bus_menu` WHERE `group` = '数据备份' AND `pid` = 68 AND `hide` = 0 ORDER BY sort asc  [ RunTime:0.0000s ]
SQL: SHOW COLUMNS FROM `bus_config` [ RunTime:0.0030s ]
SQL: SELECT `id`,`name`,`title`,`extra`,`value`,`remark`,`type` FROM `bus_config` WHERE `status` = 1 AND `group` = 1 ORDER BY sort  [ RunTime:0.0010s ]
INFO: [ view_parse ] --START--
INFO: [ template_filter ] --START--
INFO: Run Behavior\ContentReplaceBehavior [ RunTime:0.001000s ]
INFO: [ template_filter ] --END-- [ RunTime:0.001000s ]
INFO: Run Behavior\ParseTemplateBehavior [ RunTime:0.018001s ]
INFO: [ view_parse ] --END-- [ RunTime:0.019001s ]
INFO: [ view_filter ] --START--
INFO: Run Behavior\WriteHtmlCacheBehavior [ RunTime:0.000000s ]
INFO: [ view_filter ] --END-- [ RunTime:0.000000s ]
INFO: [ app_end ] --START--
INFO: Run Behavior\ShowPageTraceBehavior [ RunTime:0.002000s ]
INFO: [ app_end ] --END-- [ RunTime:0.002000s ]

[ 2017-07-03T17:55:11+08:00 ] ::1 /admin.php?s=/User/index.html
INFO: [ app_init ] --START--
INFO: Run Behavior\BuildLiteBehavior [ RunTime:0.000000s ]
INFO: Run Common\Behavior\InitHookBehavior [ RunTime:0.001000s ]
INFO: [ app_init ] --END-- [ RunTime:0.001000s ]
INFO: [ app_begin ] --START--
INFO: Run Behavior\ReadHtmlCacheBehavior [ RunTime:0.001000s ]
INFO: [ app_begin ] --END-- [ RunTime:0.001000s ]
SQL: SHOW COLUMNS FROM `bus_auth_group_access` [ RunTime:0.0030s ]
SQL: SELECT * FROM `bus_auth_group_access` WHERE (  uid= 8 ) LIMIT 1   [ RunTime:0.0010s ]
SQL: SHOW COLUMNS FROM `bus_auth_group` [ RunTime:0.0020s ]
SQL: SELECT `rules` FROM `bus_auth_group` WHERE (  id =1 ) LIMIT 1   [ RunTime:0.0000s ]
SQL: SHOW COLUMNS FROM `bus_menu` [ RunTime:0.0030s ]
SQL: SELECT `id`,`title`,`url` FROM `bus_menu` WHERE (  id in (2,3,4,5,15,16,17,18,19,20,21,22,23,24,25,26,27,28,29,30,31,32,33,34,35,36,37,38,39,40,41,42,43,44,45,46,47,48,49,50,51,52,53,54,55,56,57,58,59,60,61,62,63,64,65,66,67,68,69,70,71,72,73,74,75,76,80,81,82,83,84,86,87,88,89,90,91,92,93,94,95,100,102,103,106,107,108,109,110,124,195,205,206,207,208,209,210,212,213,214,215,216,218,219) and pid = 0 and hide = 0 and is_dev = 0 ) ORDER BY sort asc  [ RunTime:0.0000s ]
NOTIC: [8] Use of undefined constant IS_ROOT - assumed 'IS_ROOT' D:\phpStudy\WWW\Application\Admin\Controller\AdminController.class.php 第 273 行.
NOTIC: [8] Use of undefined constant IS_ROOT - assumed 'IS_ROOT' D:\phpStudy\WWW\Application\Admin\Controller\AdminController.class.php 第 273 行.
NOTIC: [8] Use of undefined constant IS_ROOT - assumed 'IS_ROOT' D:\phpStudy\WWW\Application\Admin\Controller\AdminController.class.php 第 273 行.
NOTIC: [8] Use of undefined constant IS_ROOT - assumed 'IS_ROOT' D:\phpStudy\WWW\Application\Admin\Controller\AdminController.class.php 第 273 行.
NOTIC: [8] Use of undefined constant IS_ROOT - assumed 'IS_ROOT' D:\phpStudy\WWW\Application\Admin\Controller\AdminController.class.php 第 273 行.
SQL: SELECT `pid` FROM `bus_menu` WHERE ( pid !=0 AND url like '%User/index%' ) LIMIT 1   [ RunTime:0.0000s ]
SQL: SELECT * FROM `bus_menu` WHERE `id` = 16 LIMIT 1   [ RunTime:0.0000s ]
SQL: SELECT DISTINCT  `group` FROM `bus_menu` WHERE `group` <> '' AND `pid` = 16  [ RunTime:0.0000s ]
SQL: SELECT `id`,`url` FROM `bus_menu` WHERE `pid` = 16 AND `hide` = 0  [ RunTime:0.0000s ]
NOTIC: [8] Use of undefined constant IS_ROOT - assumed 'IS_ROOT' D:\phpStudy\WWW\Application\Admin\Controller\AdminController.class.php 第 306 行.
SQL: SELECT `id`,`pid`,`title`,`url`,`tip` FROM `bus_menu` WHERE `group` = '用户管理' AND `pid` = 16 AND `hide` = 0 ORDER BY sort asc  [ RunTime:0.0000s ]
SQL: SELECT `id`,`pid`,`title`,`url`,`tip` FROM `bus_menu` WHERE `group` = '行为管理' AND `pid` = 16 AND `hide` = 0 ORDER BY sort asc  [ RunTime:0.0000s ]
SQL: SHOW COLUMNS FROM `bus_member` [ RunTime:0.0020s ]
SQL: SELECT COUNT(*) AS tp_count FROM `bus_member` WHERE `status` >= 0 AND `nickname` LIKE '%%' LIMIT 1   [ RunTime:0.0000s ]
SQL: SELECT `uid`,`nickname`,`sex`,`birthday`,`qq`,`score`,`login`,`reg_ip`,`reg_time`,`last_login_ip`,`last_login_time`,`status` FROM `bus_member` WHERE `status` >= 0 AND `nickname` LIKE '%%' ORDER BY uid desc LIMIT 0,10   [ RunTime:0.0020s ]
INFO: [ view_parse ] --START--
INFO: [ template_filter ] --START--
INFO: Run Behavior\ContentReplaceBehavior [ RunTime:0.000000s ]
INFO: [ template_filter ] --END-- [ RunTime:0.000000s ]
INFO: Run Behavior\ParseTemplateBehavior [ RunTime:0.018001s ]
INFO: [ view_parse ] --END-- [ RunTime:0.018001s ]
INFO: [ view_filter ] --START--
INFO: Run Behavior\WriteHtmlCacheBehavior [ RunTime:0.000000s ]
INFO: [ view_filter ] --END-- [ RunTime:0.000000s ]
INFO: [ app_end ] --START--
INFO: Run Behavior\ShowPageTraceBehavior [ RunTime:0.000000s ]
INFO: [ app_end ] --END-- [ RunTime:0.000000s ]

[ 2017-07-03T17:55:14+08:00 ] ::1 /admin.php?s=/Article/index.html
INFO: [ app_init ] --START--
INFO: Run Behavior\BuildLiteBehavior [ RunTime:0.000000s ]
INFO: Run Common\Behavior\InitHookBehavior [ RunTime:0.002000s ]
INFO: [ app_init ] --END-- [ RunTime:0.002000s ]
INFO: [ app_begin ] --START--
INFO: Run Behavior\ReadHtmlCacheBehavior [ RunTime:0.001000s ]
INFO: [ app_begin ] --END-- [ RunTime:0.001000s ]
SQL: SHOW COLUMNS FROM `bus_auth_group_access` [ RunTime:0.0020s ]
SQL: SELECT * FROM `bus_auth_group_access` WHERE (  uid= 8 ) LIMIT 1   [ RunTime:0.0000s ]
SQL: SHOW COLUMNS FROM `bus_auth_group` [ RunTime:0.0020s ]
SQL: SELECT `rules` FROM `bus_auth_group` WHERE (  id =1 ) LIMIT 1   [ RunTime:0.0000s ]
SQL: SHOW COLUMNS FROM `bus_menu` [ RunTime:0.0020s ]
SQL: SELECT `id`,`title`,`url` FROM `bus_menu` WHERE (  id in (2,3,4,5,15,16,17,18,19,20,21,22,23,24,25,26,27,28,29,30,31,32,33,34,35,36,37,38,39,40,41,42,43,44,45,46,47,48,49,50,51,52,53,54,55,56,57,58,59,60,61,62,63,64,65,66,67,68,69,70,71,72,73,74,75,76,80,81,82,83,84,86,87,88,89,90,91,92,93,94,95,100,102,103,106,107,108,109,110,124,195,205,206,207,208,209,210,212,213,214,215,216,218,219) and pid = 0 and hide = 0 and is_dev = 0 ) ORDER BY sort asc  [ RunTime:0.0000s ]
NOTIC: [8] Use of undefined constant IS_ROOT - assumed 'IS_ROOT' D:\phpStudy\WWW\Application\Admin\Controller\AdminController.class.php 第 273 行.
NOTIC: [8] Use of undefined constant IS_ROOT - assumed 'IS_ROOT' D:\phpStudy\WWW\Application\Admin\Controller\AdminController.class.php 第 273 行.
NOTIC: [8] Use of undefined constant IS_ROOT - assumed 'IS_ROOT' D:\phpStudy\WWW\Application\Admin\Controller\AdminController.class.php 第 273 行.
NOTIC: [8] Use of undefined constant IS_ROOT - assumed 'IS_ROOT' D:\phpStudy\WWW\Application\Admin\Controller\AdminController.class.php 第 273 行.
NOTIC: [8] Use of undefined constant IS_ROOT - assumed 'IS_ROOT' D:\phpStudy\WWW\Application\Admin\Controller\AdminController.class.php 第 273 行.
SQL: SELECT `pid` FROM `bus_menu` WHERE ( pid !=0 AND url like '%Article/index%' ) LIMIT 1   [ RunTime:0.0010s ]
SQL: SHOW COLUMNS FROM `bus_category` [ RunTime:0.0030s ]
SQL: SELECT `id`,`title`,`pid`,`allow_publish` FROM `bus_category` WHERE `status` = 1 ORDER BY pid,sort  [ RunTime:0.0000s ]
NOTIC: [8] Use of undefined constant IS_ROOT - assumed 'IS_ROOT' D:\phpStudy\WWW\Application\Admin\Controller\ArticleController.class.php 第 75 行.
NOTIC: [8] Use of undefined constant IS_ROOT - assumed 'IS_ROOT' D:\phpStudy\WWW\Application\Admin\Controller\ArticleController.class.php 第 138 行.
NOTIC: [8] Use of undefined constant IS_ROOT - assumed 'IS_ROOT' D:\phpStudy\WWW\Application\Admin\Controller\ArticleController.class.php 第 142 行.
SQL: SHOW COLUMNS FROM `bus_model` [ RunTime:0.0030s ]
SQL: SELECT * FROM `bus_model` WHERE `name` = 'document' LIMIT 1   [ RunTime:0.0010s ]
SQL: SHOW COLUMNS FROM `bus_document` [ RunTime:0.0020s ]
SQL: SELECT COUNT(*) AS tp_count FROM bus_document DOCUMENT WHERE `status` IN ('0','1','2') AND `pid` = 0 LIMIT 1   [ RunTime:0.0000s ]
SQL: SELECT `id`,`title`,`type`,`update_time`,`status`,`view`,`category_id`,`model_id`,`pid` FROM bus_document DOCUMENT WHERE `status` IN ('0','1','2') AND `pid` = 0 ORDER BY level DESC,DOCUMENT.id DESC LIMIT 0,10   [ RunTime:0.0000s ]
SQL: SELECT `extend` FROM `bus_model` WHERE `id` = 1 LIMIT 1   [ RunTime:0.0000s ]
SQL: SHOW COLUMNS FROM `bus_attribute` [ RunTime:0.0030s ]
SQL: SELECT `id`,`name`,`type`,`extra` FROM `bus_attribute` WHERE `model_id` = 1  [ RunTime:0.0010s ]
NOTIC: [8] Undefined variable: groups D:\phpStudy\WWW\Application\Admin\Controller\ArticleController.class.php 第 230 行.
INFO: [ view_parse ] --START--
INFO: [ template_filter ] --START--
INFO: Run Behavior\ContentReplaceBehavior [ RunTime:0.001001s ]
INFO: [ template_filter ] --END-- [ RunTime:0.001001s ]
NOTIC: [8] Undefined index: _child D:\phpStudy\WWW\Runtime\Cache\Admin\7a4184ffe8f804b12b2e7f8851dd8f7d.php 第 77 行.
INFO: Run Behavior\ParseTemplateBehavior [ RunTime:0.031002s ]
INFO: [ view_parse ] --END-- [ RunTime:0.031002s ]
INFO: [ view_filter ] --START--
INFO: Run Behavior\WriteHtmlCacheBehavior [ RunTime:0.001000s ]
INFO: [ view_filter ] --END-- [ RunTime:0.001000s ]
INFO: [ app_end ] --START--
INFO: Run Behavior\ShowPageTraceBehavior [ RunTime:0.000000s ]
INFO: [ app_end ] --END-- [ RunTime:0.001000s ]

